/media/data2/users/dangmanhtruong95/Kinect_1_original_augmented_padding/output/Hung/1/5_3/ 1 0
/media/data2/users/dangmanhtruong95/Kinect_1_original_augmented_padding/output/Hung/1/3_3/ 1 0
/media/data2/users/dangmanhtruong95/Kinect_1_original_augmented_padding/output/Hung/1/6_5/ 1 0
/media/data2/users/dangmanhtruong95/Kinect_1_original_augmented_padding/output/Hung/1/2_5/ 1 0
/media/data2/users/dangmanhtruong95/Kinect_1_original_augmented_padding/output/Hung/1/3_2/ 1 0
/media/data2/users/dangmanhtruong95/Kinect_1_original_augmented_padding/output/Hung/1/2_4/ 1 0
/media/data2/users/dangmanhtruong95/Kinect_1_original_augmented_padding/output/Hung/1/1_3/ 1 0
/media/data2/users/dangmanhtruong95/Kinect_1_original_augmented_padding/output/Hung/1/1_3/ 17 0
/media/data2/users/dangmanhtruong95/Kinect_1_original_augmented_padding/output/Hung/1/1_3/ 19 0
/media/data2/users/dangmanhtruong95/Kinect_1_original_augmented_padding/output/Hung/1/7_1/ 1 0
/media/data2/users/dangmanhtruong95/Kinect_1_original_augmented_padding/output/Hung/1/4_2/ 1 0
/media/data2/users/dangmanhtruong95/Kinect_1_original_augmented_padding/output/Hung/1/5_2/ 1 0
/media/data2/users/dangmanhtruong95/Kinect_1_original_augmented_padding/output/Hung/1/6_4/ 1 0
/media/data2/users/dangmanhtruong95/Kinect_1_original_augmented_padding/output/Hung/1/7_4/ 1 0
/media/data2/users/dangmanhtruong95/Kinect_1_original_augmented_padding/output/Hung/1/1_4/ 1 0
/media/data2/users/dangmanhtruong95/Kinect_1_original_augmented_padding/output/Hung/1/1_4/ 17 0
/media/data2/users/dangmanhtruong95/Kinect_1_original_augmented_padding/output/Hung/1/1_4/ 19 0
/media/data2/users/dangmanhtruong95/Kinect_1_original_augmented_padding/output/Hung/1/8_3/ 1 0
/media/data2/users/dangmanhtruong95/Kinect_1_original_augmented_padding/output/Hung/1/8_2/ 1 0
/media/data2/users/dangmanhtruong95/Kinect_1_original_augmented_padding/output/Hung/1/8_1/ 1 0
/media/data2/users/dangmanhtruong95/Kinect_1_original_augmented_padding/output/Hung/1/4_5/ 1 0
/media/data2/users/dangmanhtruong95/Kinect_1_original_augmented_padding/output/Hung/1/8_4/ 1 0
/media/data2/users/dangmanhtruong95/Kinect_1_original_augmented_padding/output/Hung/1/3_4/ 1 0
/media/data2/users/dangmanhtruong95/Kinect_1_original_augmented_padding/output/Hung/1/5_1/ 1 0
/media/data2/users/dangmanhtruong95/Kinect_1_original_augmented_padding/output/Hung/1/8_5/ 1 0
/media/data2/users/dangmanhtruong95/Kinect_1_original_augmented_padding/output/Hung/1/3_5/ 1 0
/media/data2/users/dangmanhtruong95/Kinect_1_original_augmented_padding/output/Hung/1/1_5/ 1 0
/media/data2/users/dangmanhtruong95/Kinect_1_original_augmented_padding/output/Hung/1/1_5/ 17 0
/media/data2/users/dangmanhtruong95/Kinect_1_original_augmented_padding/output/Hung/1/1_5/ 19 0
/media/data2/users/dangmanhtruong95/Kinect_1_original_augmented_padding/output/Hung/1/6_2/ 1 0
/media/data2/users/dangmanhtruong95/Kinect_1_original_augmented_padding/output/Hung/1/4_3/ 1 0
/media/data2/users/dangmanhtruong95/Kinect_1_original_augmented_padding/output/Hung/1/6_1/ 1 0
/media/data2/users/dangmanhtruong95/Kinect_1_original_augmented_padding/output/Hung/1/2_3/ 1 0
/media/data2/users/dangmanhtruong95/Kinect_1_original_augmented_padding/output/Hung/1/1_2/ 1 0
/media/data2/users/dangmanhtruong95/Kinect_1_original_augmented_padding/output/Hung/1/1_2/ 17 0
/media/data2/users/dangmanhtruong95/Kinect_1_original_augmented_padding/output/Hung/1/1_2/ 19 0
/media/data2/users/dangmanhtruong95/Kinect_1_original_augmented_padding/output/Hung/1/4_4/ 1 0
/media/data2/users/dangmanhtruong95/Kinect_1_original_augmented_padding/output/Hung/1/5_4/ 1 0
/media/data2/users/dangmanhtruong95/Kinect_1_original_augmented_padding/output/Hung/1/5_5/ 1 0
/media/data2/users/dangmanhtruong95/Kinect_1_original_augmented_padding/output/Hung/1/4_1/ 1 0
/media/data2/users/dangmanhtruong95/Kinect_1_original_augmented_padding/output/Hung/1/7_2/ 1 0
/media/data2/users/dangmanhtruong95/Kinect_1_original_augmented_padding/output/Hung/1/6_3/ 1 0
/media/data2/users/dangmanhtruong95/Kinect_1_original_augmented_padding/output/Hung/1/7_5/ 1 0
/media/data2/users/dangmanhtruong95/Kinect_1_original_augmented_padding/output/Hung/1/1_1/ 1 0
/media/data2/users/dangmanhtruong95/Kinect_1_original_augmented_padding/output/Hung/1/1_1/ 17 0
/media/data2/users/dangmanhtruong95/Kinect_1_original_augmented_padding/output/Hung/1/1_1/ 19 0
/media/data2/users/dangmanhtruong95/Kinect_1_original_augmented_padding/output/Hung/1/3_1/ 1 0
/media/data2/users/dangmanhtruong95/Kinect_1_original_augmented_padding/output/Hung/1/7_3/ 1 0
/media/data2/users/dangmanhtruong95/Kinect_1_original_augmented_padding/output/Hung/1/2_2/ 1 0
/media/data2/users/dangmanhtruong95/Kinect_1_original_augmented_padding/output/Hung/1/2_1/ 1 0
/media/data2/users/dangmanhtruong95/Kinect_1_original_augmented_padding/output/Hung/2/5_3/ 1 1
/media/data2/users/dangmanhtruong95/Kinect_1_original_augmented_padding/output/Hung/2/5_3/ 5 1
/media/data2/users/dangmanhtruong95/Kinect_1_original_augmented_padding/output/Hung/2/3_3/ 1 1
/media/data2/users/dangmanhtruong95/Kinect_1_original_augmented_padding/output/Hung/2/2_5/ 1 1
/media/data2/users/dangmanhtruong95/Kinect_1_original_augmented_padding/output/Hung/2/3_2/ 1 1
/media/data2/users/dangmanhtruong95/Kinect_1_original_augmented_padding/output/Hung/2/2_4/ 1 1
/media/data2/users/dangmanhtruong95/Kinect_1_original_augmented_padding/output/Hung/2/1_3/ 1 1
/media/data2/users/dangmanhtruong95/Kinect_1_original_augmented_padding/output/Hung/2/1_3/ 6 1
/media/data2/users/dangmanhtruong95/Kinect_1_original_augmented_padding/output/Hung/2/4_2/ 1 1
/media/data2/users/dangmanhtruong95/Kinect_1_original_augmented_padding/output/Hung/2/4_2/ 3 1
/media/data2/users/dangmanhtruong95/Kinect_1_original_augmented_padding/output/Hung/2/5_2/ 1 1
/media/data2/users/dangmanhtruong95/Kinect_1_original_augmented_padding/output/Hung/2/5_2/ 5 1
/media/data2/users/dangmanhtruong95/Kinect_1_original_augmented_padding/output/Hung/2/1_4/ 1 1
/media/data2/users/dangmanhtruong95/Kinect_1_original_augmented_padding/output/Hung/2/1_4/ 6 1
/media/data2/users/dangmanhtruong95/Kinect_1_original_augmented_padding/output/Hung/2/4_5/ 1 1
/media/data2/users/dangmanhtruong95/Kinect_1_original_augmented_padding/output/Hung/2/4_5/ 3 1
/media/data2/users/dangmanhtruong95/Kinect_1_original_augmented_padding/output/Hung/2/3_4/ 1 1
/media/data2/users/dangmanhtruong95/Kinect_1_original_augmented_padding/output/Hung/2/5_1/ 1 1
/media/data2/users/dangmanhtruong95/Kinect_1_original_augmented_padding/output/Hung/2/5_1/ 5 1
/media/data2/users/dangmanhtruong95/Kinect_1_original_augmented_padding/output/Hung/2/3_5/ 1 1
/media/data2/users/dangmanhtruong95/Kinect_1_original_augmented_padding/output/Hung/2/1_5/ 1 1
/media/data2/users/dangmanhtruong95/Kinect_1_original_augmented_padding/output/Hung/2/1_5/ 6 1
/media/data2/users/dangmanhtruong95/Kinect_1_original_augmented_padding/output/Hung/2/4_3/ 1 1
/media/data2/users/dangmanhtruong95/Kinect_1_original_augmented_padding/output/Hung/2/4_3/ 3 1
/media/data2/users/dangmanhtruong95/Kinect_1_original_augmented_padding/output/Hung/2/2_3/ 1 1
/media/data2/users/dangmanhtruong95/Kinect_1_original_augmented_padding/output/Hung/2/1_2/ 1 1
/media/data2/users/dangmanhtruong95/Kinect_1_original_augmented_padding/output/Hung/2/1_2/ 6 1
/media/data2/users/dangmanhtruong95/Kinect_1_original_augmented_padding/output/Hung/2/4_4/ 1 1
/media/data2/users/dangmanhtruong95/Kinect_1_original_augmented_padding/output/Hung/2/4_4/ 3 1
/media/data2/users/dangmanhtruong95/Kinect_1_original_augmented_padding/output/Hung/2/5_4/ 1 1
/media/data2/users/dangmanhtruong95/Kinect_1_original_augmented_padding/output/Hung/2/5_4/ 5 1
/media/data2/users/dangmanhtruong95/Kinect_1_original_augmented_padding/output/Hung/2/5_5/ 1 1
/media/data2/users/dangmanhtruong95/Kinect_1_original_augmented_padding/output/Hung/2/5_5/ 5 1
/media/data2/users/dangmanhtruong95/Kinect_1_original_augmented_padding/output/Hung/2/4_1/ 1 1
/media/data2/users/dangmanhtruong95/Kinect_1_original_augmented_padding/output/Hung/2/4_1/ 3 1
/media/data2/users/dangmanhtruong95/Kinect_1_original_augmented_padding/output/Hung/2/1_1/ 1 1
/media/data2/users/dangmanhtruong95/Kinect_1_original_augmented_padding/output/Hung/2/1_1/ 6 1
/media/data2/users/dangmanhtruong95/Kinect_1_original_augmented_padding/output/Hung/2/3_1/ 1 1
/media/data2/users/dangmanhtruong95/Kinect_1_original_augmented_padding/output/Hung/2/2_2/ 1 1
/media/data2/users/dangmanhtruong95/Kinect_1_original_augmented_padding/output/Hung/2/2_1/ 1 1
/media/data2/users/dangmanhtruong95/Kinect_1_original_augmented_padding/output/Hung/3/5_3/ 1 2
/media/data2/users/dangmanhtruong95/Kinect_1_original_augmented_padding/output/Hung/3/5_3/ 17 2
/media/data2/users/dangmanhtruong95/Kinect_1_original_augmented_padding/output/Hung/3/5_3/ 18 2
/media/data2/users/dangmanhtruong95/Kinect_1_original_augmented_padding/output/Hung/3/3_3/ 1 2
/media/data2/users/dangmanhtruong95/Kinect_1_original_augmented_padding/output/Hung/3/3_3/ 15 2
/media/data2/users/dangmanhtruong95/Kinect_1_original_augmented_padding/output/Hung/3/6_5/ 1 2
/media/data2/users/dangmanhtruong95/Kinect_1_original_augmented_padding/output/Hung/3/6_5/ 10 2
/media/data2/users/dangmanhtruong95/Kinect_1_original_augmented_padding/output/Hung/3/2_5/ 1 2
/media/data2/users/dangmanhtruong95/Kinect_1_original_augmented_padding/output/Hung/3/2_5/ 15 2
/media/data2/users/dangmanhtruong95/Kinect_1_original_augmented_padding/output/Hung/3/3_2/ 1 2
/media/data2/users/dangmanhtruong95/Kinect_1_original_augmented_padding/output/Hung/3/3_2/ 15 2
/media/data2/users/dangmanhtruong95/Kinect_1_original_augmented_padding/output/Hung/3/2_4/ 1 2
/media/data2/users/dangmanhtruong95/Kinect_1_original_augmented_padding/output/Hung/3/2_4/ 15 2
/media/data2/users/dangmanhtruong95/Kinect_1_original_augmented_padding/output/Hung/3/1_3/ 1 2
/media/data2/users/dangmanhtruong95/Kinect_1_original_augmented_padding/output/Hung/3/1_3/ 10 2
/media/data2/users/dangmanhtruong95/Kinect_1_original_augmented_padding/output/Hung/3/7_1/ 1 2
/media/data2/users/dangmanhtruong95/Kinect_1_original_augmented_padding/output/Hung/3/7_1/ 9 2
/media/data2/users/dangmanhtruong95/Kinect_1_original_augmented_padding/output/Hung/3/4_2/ 1 2
/media/data2/users/dangmanhtruong95/Kinect_1_original_augmented_padding/output/Hung/3/4_2/ 12 2
/media/data2/users/dangmanhtruong95/Kinect_1_original_augmented_padding/output/Hung/3/5_2/ 1 2
/media/data2/users/dangmanhtruong95/Kinect_1_original_augmented_padding/output/Hung/3/5_2/ 17 2
/media/data2/users/dangmanhtruong95/Kinect_1_original_augmented_padding/output/Hung/3/5_2/ 18 2
/media/data2/users/dangmanhtruong95/Kinect_1_original_augmented_padding/output/Hung/3/6_4/ 1 2
/media/data2/users/dangmanhtruong95/Kinect_1_original_augmented_padding/output/Hung/3/6_4/ 10 2
/media/data2/users/dangmanhtruong95/Kinect_1_original_augmented_padding/output/Hung/3/7_4/ 1 2
/media/data2/users/dangmanhtruong95/Kinect_1_original_augmented_padding/output/Hung/3/7_4/ 9 2
/media/data2/users/dangmanhtruong95/Kinect_1_original_augmented_padding/output/Hung/3/1_4/ 1 2
/media/data2/users/dangmanhtruong95/Kinect_1_original_augmented_padding/output/Hung/3/1_4/ 10 2
/media/data2/users/dangmanhtruong95/Kinect_1_original_augmented_padding/output/Hung/3/8_3/ 1 2
/media/data2/users/dangmanhtruong95/Kinect_1_original_augmented_padding/output/Hung/3/8_3/ 16 2
/media/data2/users/dangmanhtruong95/Kinect_1_original_augmented_padding/output/Hung/3/8_2/ 1 2
/media/data2/users/dangmanhtruong95/Kinect_1_original_augmented_padding/output/Hung/3/8_2/ 16 2
/media/data2/users/dangmanhtruong95/Kinect_1_original_augmented_padding/output/Hung/3/8_1/ 1 2
/media/data2/users/dangmanhtruong95/Kinect_1_original_augmented_padding/output/Hung/3/8_1/ 16 2
/media/data2/users/dangmanhtruong95/Kinect_1_original_augmented_padding/output/Hung/3/4_5/ 1 2
/media/data2/users/dangmanhtruong95/Kinect_1_original_augmented_padding/output/Hung/3/4_5/ 12 2
/media/data2/users/dangmanhtruong95/Kinect_1_original_augmented_padding/output/Hung/3/8_4/ 1 2
/media/data2/users/dangmanhtruong95/Kinect_1_original_augmented_padding/output/Hung/3/8_4/ 16 2
/media/data2/users/dangmanhtruong95/Kinect_1_original_augmented_padding/output/Hung/3/3_4/ 1 2
/media/data2/users/dangmanhtruong95/Kinect_1_original_augmented_padding/output/Hung/3/3_4/ 15 2
/media/data2/users/dangmanhtruong95/Kinect_1_original_augmented_padding/output/Hung/3/5_1/ 1 2
/media/data2/users/dangmanhtruong95/Kinect_1_original_augmented_padding/output/Hung/3/5_1/ 17 2
/media/data2/users/dangmanhtruong95/Kinect_1_original_augmented_padding/output/Hung/3/5_1/ 18 2
/media/data2/users/dangmanhtruong95/Kinect_1_original_augmented_padding/output/Hung/3/8_5/ 1 2
/media/data2/users/dangmanhtruong95/Kinect_1_original_augmented_padding/output/Hung/3/8_5/ 16 2
/media/data2/users/dangmanhtruong95/Kinect_1_original_augmented_padding/output/Hung/3/3_5/ 1 2
/media/data2/users/dangmanhtruong95/Kinect_1_original_augmented_padding/output/Hung/3/3_5/ 15 2
/media/data2/users/dangmanhtruong95/Kinect_1_original_augmented_padding/output/Hung/3/1_5/ 1 2
/media/data2/users/dangmanhtruong95/Kinect_1_original_augmented_padding/output/Hung/3/1_5/ 10 2
/media/data2/users/dangmanhtruong95/Kinect_1_original_augmented_padding/output/Hung/3/6_2/ 1 2
/media/data2/users/dangmanhtruong95/Kinect_1_original_augmented_padding/output/Hung/3/6_2/ 10 2
/media/data2/users/dangmanhtruong95/Kinect_1_original_augmented_padding/output/Hung/3/4_3/ 1 2
/media/data2/users/dangmanhtruong95/Kinect_1_original_augmented_padding/output/Hung/3/4_3/ 12 2
/media/data2/users/dangmanhtruong95/Kinect_1_original_augmented_padding/output/Hung/3/6_1/ 1 2
/media/data2/users/dangmanhtruong95/Kinect_1_original_augmented_padding/output/Hung/3/6_1/ 10 2
/media/data2/users/dangmanhtruong95/Kinect_1_original_augmented_padding/output/Hung/3/2_3/ 1 2
/media/data2/users/dangmanhtruong95/Kinect_1_original_augmented_padding/output/Hung/3/2_3/ 15 2
/media/data2/users/dangmanhtruong95/Kinect_1_original_augmented_padding/output/Hung/3/1_2/ 1 2
/media/data2/users/dangmanhtruong95/Kinect_1_original_augmented_padding/output/Hung/3/1_2/ 10 2
/media/data2/users/dangmanhtruong95/Kinect_1_original_augmented_padding/output/Hung/3/4_4/ 1 2
/media/data2/users/dangmanhtruong95/Kinect_1_original_augmented_padding/output/Hung/3/4_4/ 12 2
/media/data2/users/dangmanhtruong95/Kinect_1_original_augmented_padding/output/Hung/3/5_4/ 1 2
/media/data2/users/dangmanhtruong95/Kinect_1_original_augmented_padding/output/Hung/3/5_4/ 17 2
/media/data2/users/dangmanhtruong95/Kinect_1_original_augmented_padding/output/Hung/3/5_4/ 18 2
/media/data2/users/dangmanhtruong95/Kinect_1_original_augmented_padding/output/Hung/3/5_5/ 1 2
/media/data2/users/dangmanhtruong95/Kinect_1_original_augmented_padding/output/Hung/3/5_5/ 17 2
/media/data2/users/dangmanhtruong95/Kinect_1_original_augmented_padding/output/Hung/3/5_5/ 18 2
/media/data2/users/dangmanhtruong95/Kinect_1_original_augmented_padding/output/Hung/3/4_1/ 1 2
/media/data2/users/dangmanhtruong95/Kinect_1_original_augmented_padding/output/Hung/3/4_1/ 12 2
/media/data2/users/dangmanhtruong95/Kinect_1_original_augmented_padding/output/Hung/3/7_2/ 1 2
/media/data2/users/dangmanhtruong95/Kinect_1_original_augmented_padding/output/Hung/3/7_2/ 9 2
/media/data2/users/dangmanhtruong95/Kinect_1_original_augmented_padding/output/Hung/3/6_3/ 1 2
/media/data2/users/dangmanhtruong95/Kinect_1_original_augmented_padding/output/Hung/3/6_3/ 10 2
/media/data2/users/dangmanhtruong95/Kinect_1_original_augmented_padding/output/Hung/3/7_5/ 1 2
/media/data2/users/dangmanhtruong95/Kinect_1_original_augmented_padding/output/Hung/3/7_5/ 9 2
/media/data2/users/dangmanhtruong95/Kinect_1_original_augmented_padding/output/Hung/3/1_1/ 1 2
/media/data2/users/dangmanhtruong95/Kinect_1_original_augmented_padding/output/Hung/3/1_1/ 10 2
/media/data2/users/dangmanhtruong95/Kinect_1_original_augmented_padding/output/Hung/3/3_1/ 1 2
/media/data2/users/dangmanhtruong95/Kinect_1_original_augmented_padding/output/Hung/3/3_1/ 15 2
/media/data2/users/dangmanhtruong95/Kinect_1_original_augmented_padding/output/Hung/3/7_3/ 1 2
/media/data2/users/dangmanhtruong95/Kinect_1_original_augmented_padding/output/Hung/3/7_3/ 9 2
/media/data2/users/dangmanhtruong95/Kinect_1_original_augmented_padding/output/Hung/3/2_2/ 1 2
/media/data2/users/dangmanhtruong95/Kinect_1_original_augmented_padding/output/Hung/3/2_2/ 15 2
/media/data2/users/dangmanhtruong95/Kinect_1_original_augmented_padding/output/Hung/3/2_1/ 1 2
/media/data2/users/dangmanhtruong95/Kinect_1_original_augmented_padding/output/Hung/3/2_1/ 15 2
/media/data2/users/dangmanhtruong95/Kinect_1_original_augmented_padding/output/Hung/4/5_3/ 1 3
/media/data2/users/dangmanhtruong95/Kinect_1_original_augmented_padding/output/Hung/4/5_3/ 10 3
/media/data2/users/dangmanhtruong95/Kinect_1_original_augmented_padding/output/Hung/4/3_3/ 1 3
/media/data2/users/dangmanhtruong95/Kinect_1_original_augmented_padding/output/Hung/4/3_3/ 9 3
/media/data2/users/dangmanhtruong95/Kinect_1_original_augmented_padding/output/Hung/4/6_5/ 1 3
/media/data2/users/dangmanhtruong95/Kinect_1_original_augmented_padding/output/Hung/4/2_5/ 1 3
/media/data2/users/dangmanhtruong95/Kinect_1_original_augmented_padding/output/Hung/4/3_2/ 1 3
/media/data2/users/dangmanhtruong95/Kinect_1_original_augmented_padding/output/Hung/4/3_2/ 9 3
/media/data2/users/dangmanhtruong95/Kinect_1_original_augmented_padding/output/Hung/4/2_4/ 1 3
/media/data2/users/dangmanhtruong95/Kinect_1_original_augmented_padding/output/Hung/4/1_3/ 1 3
/media/data2/users/dangmanhtruong95/Kinect_1_original_augmented_padding/output/Hung/4/1_3/ 4 3
/media/data2/users/dangmanhtruong95/Kinect_1_original_augmented_padding/output/Hung/4/4_2/ 1 3
/media/data2/users/dangmanhtruong95/Kinect_1_original_augmented_padding/output/Hung/4/4_2/ 11 3
/media/data2/users/dangmanhtruong95/Kinect_1_original_augmented_padding/output/Hung/4/5_2/ 1 3
/media/data2/users/dangmanhtruong95/Kinect_1_original_augmented_padding/output/Hung/4/5_2/ 10 3
/media/data2/users/dangmanhtruong95/Kinect_1_original_augmented_padding/output/Hung/4/6_4/ 1 3
/media/data2/users/dangmanhtruong95/Kinect_1_original_augmented_padding/output/Hung/4/1_4/ 1 3
/media/data2/users/dangmanhtruong95/Kinect_1_original_augmented_padding/output/Hung/4/1_4/ 4 3
/media/data2/users/dangmanhtruong95/Kinect_1_original_augmented_padding/output/Hung/4/4_5/ 1 3
/media/data2/users/dangmanhtruong95/Kinect_1_original_augmented_padding/output/Hung/4/4_5/ 11 3
/media/data2/users/dangmanhtruong95/Kinect_1_original_augmented_padding/output/Hung/4/3_4/ 1 3
/media/data2/users/dangmanhtruong95/Kinect_1_original_augmented_padding/output/Hung/4/3_4/ 9 3
/media/data2/users/dangmanhtruong95/Kinect_1_original_augmented_padding/output/Hung/4/5_1/ 1 3
/media/data2/users/dangmanhtruong95/Kinect_1_original_augmented_padding/output/Hung/4/5_1/ 10 3
/media/data2/users/dangmanhtruong95/Kinect_1_original_augmented_padding/output/Hung/4/3_5/ 1 3
/media/data2/users/dangmanhtruong95/Kinect_1_original_augmented_padding/output/Hung/4/3_5/ 9 3
/media/data2/users/dangmanhtruong95/Kinect_1_original_augmented_padding/output/Hung/4/1_5/ 1 3
/media/data2/users/dangmanhtruong95/Kinect_1_original_augmented_padding/output/Hung/4/1_5/ 4 3
/media/data2/users/dangmanhtruong95/Kinect_1_original_augmented_padding/output/Hung/4/6_2/ 1 3
/media/data2/users/dangmanhtruong95/Kinect_1_original_augmented_padding/output/Hung/4/4_3/ 1 3
/media/data2/users/dangmanhtruong95/Kinect_1_original_augmented_padding/output/Hung/4/4_3/ 11 3
/media/data2/users/dangmanhtruong95/Kinect_1_original_augmented_padding/output/Hung/4/6_1/ 1 3
/media/data2/users/dangmanhtruong95/Kinect_1_original_augmented_padding/output/Hung/4/2_3/ 1 3
/media/data2/users/dangmanhtruong95/Kinect_1_original_augmented_padding/output/Hung/4/1_2/ 1 3
/media/data2/users/dangmanhtruong95/Kinect_1_original_augmented_padding/output/Hung/4/1_2/ 4 3
/media/data2/users/dangmanhtruong95/Kinect_1_original_augmented_padding/output/Hung/4/4_4/ 1 3
/media/data2/users/dangmanhtruong95/Kinect_1_original_augmented_padding/output/Hung/4/4_4/ 11 3
/media/data2/users/dangmanhtruong95/Kinect_1_original_augmented_padding/output/Hung/4/5_4/ 1 3
/media/data2/users/dangmanhtruong95/Kinect_1_original_augmented_padding/output/Hung/4/5_4/ 10 3
/media/data2/users/dangmanhtruong95/Kinect_1_original_augmented_padding/output/Hung/4/5_5/ 1 3
/media/data2/users/dangmanhtruong95/Kinect_1_original_augmented_padding/output/Hung/4/5_5/ 10 3
/media/data2/users/dangmanhtruong95/Kinect_1_original_augmented_padding/output/Hung/4/4_1/ 1 3
/media/data2/users/dangmanhtruong95/Kinect_1_original_augmented_padding/output/Hung/4/4_1/ 11 3
/media/data2/users/dangmanhtruong95/Kinect_1_original_augmented_padding/output/Hung/4/6_3/ 1 3
/media/data2/users/dangmanhtruong95/Kinect_1_original_augmented_padding/output/Hung/4/1_1/ 1 3
/media/data2/users/dangmanhtruong95/Kinect_1_original_augmented_padding/output/Hung/4/1_1/ 4 3
/media/data2/users/dangmanhtruong95/Kinect_1_original_augmented_padding/output/Hung/4/3_1/ 1 3
/media/data2/users/dangmanhtruong95/Kinect_1_original_augmented_padding/output/Hung/4/3_1/ 9 3
/media/data2/users/dangmanhtruong95/Kinect_1_original_augmented_padding/output/Hung/4/2_2/ 1 3
/media/data2/users/dangmanhtruong95/Kinect_1_original_augmented_padding/output/Hung/4/2_1/ 1 3
/media/data2/users/dangmanhtruong95/Kinect_1_original_augmented_padding/output/Hung/5/3_3/ 1 4
/media/data2/users/dangmanhtruong95/Kinect_1_original_augmented_padding/output/Hung/5/3_3/ 5 4
/media/data2/users/dangmanhtruong95/Kinect_1_original_augmented_padding/output/Hung/5/2_5/ 1 4
/media/data2/users/dangmanhtruong95/Kinect_1_original_augmented_padding/output/Hung/5/3_2/ 1 4
/media/data2/users/dangmanhtruong95/Kinect_1_original_augmented_padding/output/Hung/5/3_2/ 5 4
/media/data2/users/dangmanhtruong95/Kinect_1_original_augmented_padding/output/Hung/5/2_4/ 1 4
/media/data2/users/dangmanhtruong95/Kinect_1_original_augmented_padding/output/Hung/5/1_3/ 1 4
/media/data2/users/dangmanhtruong95/Kinect_1_original_augmented_padding/output/Hung/5/1_3/ 2 4
/media/data2/users/dangmanhtruong95/Kinect_1_original_augmented_padding/output/Hung/5/4_2/ 1 4
/media/data2/users/dangmanhtruong95/Kinect_1_original_augmented_padding/output/Hung/5/1_4/ 1 4
/media/data2/users/dangmanhtruong95/Kinect_1_original_augmented_padding/output/Hung/5/1_4/ 2 4
/media/data2/users/dangmanhtruong95/Kinect_1_original_augmented_padding/output/Hung/5/4_5/ 1 4
/media/data2/users/dangmanhtruong95/Kinect_1_original_augmented_padding/output/Hung/5/3_4/ 1 4
/media/data2/users/dangmanhtruong95/Kinect_1_original_augmented_padding/output/Hung/5/3_4/ 5 4
/media/data2/users/dangmanhtruong95/Kinect_1_original_augmented_padding/output/Hung/5/3_5/ 1 4
/media/data2/users/dangmanhtruong95/Kinect_1_original_augmented_padding/output/Hung/5/3_5/ 5 4
/media/data2/users/dangmanhtruong95/Kinect_1_original_augmented_padding/output/Hung/5/1_5/ 1 4
/media/data2/users/dangmanhtruong95/Kinect_1_original_augmented_padding/output/Hung/5/1_5/ 2 4
/media/data2/users/dangmanhtruong95/Kinect_1_original_augmented_padding/output/Hung/5/4_3/ 1 4
/media/data2/users/dangmanhtruong95/Kinect_1_original_augmented_padding/output/Hung/5/2_3/ 1 4
/media/data2/users/dangmanhtruong95/Kinect_1_original_augmented_padding/output/Hung/5/1_2/ 1 4
/media/data2/users/dangmanhtruong95/Kinect_1_original_augmented_padding/output/Hung/5/1_2/ 2 4
/media/data2/users/dangmanhtruong95/Kinect_1_original_augmented_padding/output/Hung/5/4_4/ 1 4
/media/data2/users/dangmanhtruong95/Kinect_1_original_augmented_padding/output/Hung/5/4_1/ 1 4
/media/data2/users/dangmanhtruong95/Kinect_1_original_augmented_padding/output/Hung/5/1_1/ 1 4
/media/data2/users/dangmanhtruong95/Kinect_1_original_augmented_padding/output/Hung/5/1_1/ 2 4
/media/data2/users/dangmanhtruong95/Kinect_1_original_augmented_padding/output/Hung/5/3_1/ 1 4
/media/data2/users/dangmanhtruong95/Kinect_1_original_augmented_padding/output/Hung/5/3_1/ 5 4
/media/data2/users/dangmanhtruong95/Kinect_1_original_augmented_padding/output/Hung/5/2_2/ 1 4
/media/data2/users/dangmanhtruong95/Kinect_1_original_augmented_padding/output/Hung/5/2_1/ 1 4
/media/data2/users/dangmanhtruong95/Kinect_1_original_augmented_padding/output/Tan/1/3_3/ 1 0
/media/data2/users/dangmanhtruong95/Kinect_1_original_augmented_padding/output/Tan/1/2_5/ 1 0
/media/data2/users/dangmanhtruong95/Kinect_1_original_augmented_padding/output/Tan/1/3_2/ 1 0
/media/data2/users/dangmanhtruong95/Kinect_1_original_augmented_padding/output/Tan/1/2_4/ 1 0
/media/data2/users/dangmanhtruong95/Kinect_1_original_augmented_padding/output/Tan/1/1_3/ 1 0
/media/data2/users/dangmanhtruong95/Kinect_1_original_augmented_padding/output/Tan/1/1_3/ 10 0
/media/data2/users/dangmanhtruong95/Kinect_1_original_augmented_padding/output/Tan/1/4_2/ 1 0
/media/data2/users/dangmanhtruong95/Kinect_1_original_augmented_padding/output/Tan/1/1_4/ 1 0
/media/data2/users/dangmanhtruong95/Kinect_1_original_augmented_padding/output/Tan/1/1_4/ 10 0
/media/data2/users/dangmanhtruong95/Kinect_1_original_augmented_padding/output/Tan/1/4_5/ 1 0
/media/data2/users/dangmanhtruong95/Kinect_1_original_augmented_padding/output/Tan/1/3_4/ 1 0
/media/data2/users/dangmanhtruong95/Kinect_1_original_augmented_padding/output/Tan/1/3_5/ 1 0
/media/data2/users/dangmanhtruong95/Kinect_1_original_augmented_padding/output/Tan/1/1_5/ 1 0
/media/data2/users/dangmanhtruong95/Kinect_1_original_augmented_padding/output/Tan/1/1_5/ 10 0
/media/data2/users/dangmanhtruong95/Kinect_1_original_augmented_padding/output/Tan/1/4_3/ 1 0
/media/data2/users/dangmanhtruong95/Kinect_1_original_augmented_padding/output/Tan/1/2_3/ 1 0
/media/data2/users/dangmanhtruong95/Kinect_1_original_augmented_padding/output/Tan/1/1_2/ 1 0
/media/data2/users/dangmanhtruong95/Kinect_1_original_augmented_padding/output/Tan/1/1_2/ 10 0
/media/data2/users/dangmanhtruong95/Kinect_1_original_augmented_padding/output/Tan/1/4_4/ 1 0
/media/data2/users/dangmanhtruong95/Kinect_1_original_augmented_padding/output/Tan/1/4_1/ 1 0
/media/data2/users/dangmanhtruong95/Kinect_1_original_augmented_padding/output/Tan/1/1_1/ 1 0
/media/data2/users/dangmanhtruong95/Kinect_1_original_augmented_padding/output/Tan/1/1_1/ 10 0
/media/data2/users/dangmanhtruong95/Kinect_1_original_augmented_padding/output/Tan/1/3_1/ 1 0
/media/data2/users/dangmanhtruong95/Kinect_1_original_augmented_padding/output/Tan/1/2_2/ 1 0
/media/data2/users/dangmanhtruong95/Kinect_1_original_augmented_padding/output/Tan/1/2_1/ 1 0
/media/data2/users/dangmanhtruong95/Kinect_1_original_augmented_padding/output/Tan/2/3_3/ 1 1
/media/data2/users/dangmanhtruong95/Kinect_1_original_augmented_padding/output/Tan/2/3_3/ 4 1
/media/data2/users/dangmanhtruong95/Kinect_1_original_augmented_padding/output/Tan/2/2_5/ 1 1
/media/data2/users/dangmanhtruong95/Kinect_1_original_augmented_padding/output/Tan/2/2_5/ 10 1
/media/data2/users/dangmanhtruong95/Kinect_1_original_augmented_padding/output/Tan/2/3_2/ 1 1
/media/data2/users/dangmanhtruong95/Kinect_1_original_augmented_padding/output/Tan/2/3_2/ 4 1
/media/data2/users/dangmanhtruong95/Kinect_1_original_augmented_padding/output/Tan/2/2_4/ 1 1
/media/data2/users/dangmanhtruong95/Kinect_1_original_augmented_padding/output/Tan/2/2_4/ 10 1
/media/data2/users/dangmanhtruong95/Kinect_1_original_augmented_padding/output/Tan/2/1_3/ 1 1
/media/data2/users/dangmanhtruong95/Kinect_1_original_augmented_padding/output/Tan/2/1_3/ 16 1
/media/data2/users/dangmanhtruong95/Kinect_1_original_augmented_padding/output/Tan/2/1_4/ 1 1
/media/data2/users/dangmanhtruong95/Kinect_1_original_augmented_padding/output/Tan/2/1_4/ 16 1
/media/data2/users/dangmanhtruong95/Kinect_1_original_augmented_padding/output/Tan/2/3_4/ 1 1
/media/data2/users/dangmanhtruong95/Kinect_1_original_augmented_padding/output/Tan/2/3_4/ 4 1
/media/data2/users/dangmanhtruong95/Kinect_1_original_augmented_padding/output/Tan/2/3_5/ 1 1
/media/data2/users/dangmanhtruong95/Kinect_1_original_augmented_padding/output/Tan/2/3_5/ 4 1
/media/data2/users/dangmanhtruong95/Kinect_1_original_augmented_padding/output/Tan/2/1_5/ 1 1
/media/data2/users/dangmanhtruong95/Kinect_1_original_augmented_padding/output/Tan/2/1_5/ 16 1
/media/data2/users/dangmanhtruong95/Kinect_1_original_augmented_padding/output/Tan/2/2_3/ 1 1
/media/data2/users/dangmanhtruong95/Kinect_1_original_augmented_padding/output/Tan/2/2_3/ 10 1
/media/data2/users/dangmanhtruong95/Kinect_1_original_augmented_padding/output/Tan/2/1_2/ 1 1
/media/data2/users/dangmanhtruong95/Kinect_1_original_augmented_padding/output/Tan/2/1_2/ 16 1
/media/data2/users/dangmanhtruong95/Kinect_1_original_augmented_padding/output/Tan/2/1_1/ 1 1
/media/data2/users/dangmanhtruong95/Kinect_1_original_augmented_padding/output/Tan/2/1_1/ 16 1
/media/data2/users/dangmanhtruong95/Kinect_1_original_augmented_padding/output/Tan/2/3_1/ 1 1
/media/data2/users/dangmanhtruong95/Kinect_1_original_augmented_padding/output/Tan/2/3_1/ 4 1
/media/data2/users/dangmanhtruong95/Kinect_1_original_augmented_padding/output/Tan/2/2_2/ 1 1
/media/data2/users/dangmanhtruong95/Kinect_1_original_augmented_padding/output/Tan/2/2_2/ 10 1
/media/data2/users/dangmanhtruong95/Kinect_1_original_augmented_padding/output/Tan/2/2_1/ 1 1
/media/data2/users/dangmanhtruong95/Kinect_1_original_augmented_padding/output/Tan/2/2_1/ 10 1
/media/data2/users/dangmanhtruong95/Kinect_1_original_augmented_padding/output/Tan/3/5_3/ 1 2
/media/data2/users/dangmanhtruong95/Kinect_1_original_augmented_padding/output/Tan/3/5_3/ 12 2
/media/data2/users/dangmanhtruong95/Kinect_1_original_augmented_padding/output/Tan/3/3_3/ 1 2
/media/data2/users/dangmanhtruong95/Kinect_1_original_augmented_padding/output/Tan/3/3_3/ 11 2
/media/data2/users/dangmanhtruong95/Kinect_1_original_augmented_padding/output/Tan/3/2_5/ 1 2
/media/data2/users/dangmanhtruong95/Kinect_1_original_augmented_padding/output/Tan/3/2_5/ 16 2
/media/data2/users/dangmanhtruong95/Kinect_1_original_augmented_padding/output/Tan/3/3_2/ 1 2
/media/data2/users/dangmanhtruong95/Kinect_1_original_augmented_padding/output/Tan/3/3_2/ 11 2
/media/data2/users/dangmanhtruong95/Kinect_1_original_augmented_padding/output/Tan/3/2_4/ 1 2
/media/data2/users/dangmanhtruong95/Kinect_1_original_augmented_padding/output/Tan/3/2_4/ 16 2
/media/data2/users/dangmanhtruong95/Kinect_1_original_augmented_padding/output/Tan/3/1_3/ 1 2
/media/data2/users/dangmanhtruong95/Kinect_1_original_augmented_padding/output/Tan/3/1_3/ 17 2
/media/data2/users/dangmanhtruong95/Kinect_1_original_augmented_padding/output/Tan/3/1_3/ 18 2
/media/data2/users/dangmanhtruong95/Kinect_1_original_augmented_padding/output/Tan/3/4_2/ 1 2
/media/data2/users/dangmanhtruong95/Kinect_1_original_augmented_padding/output/Tan/3/4_2/ 5 2
/media/data2/users/dangmanhtruong95/Kinect_1_original_augmented_padding/output/Tan/3/5_2/ 1 2
/media/data2/users/dangmanhtruong95/Kinect_1_original_augmented_padding/output/Tan/3/5_2/ 12 2
/media/data2/users/dangmanhtruong95/Kinect_1_original_augmented_padding/output/Tan/3/1_4/ 1 2
/media/data2/users/dangmanhtruong95/Kinect_1_original_augmented_padding/output/Tan/3/1_4/ 17 2
/media/data2/users/dangmanhtruong95/Kinect_1_original_augmented_padding/output/Tan/3/1_4/ 18 2
/media/data2/users/dangmanhtruong95/Kinect_1_original_augmented_padding/output/Tan/3/4_5/ 1 2
/media/data2/users/dangmanhtruong95/Kinect_1_original_augmented_padding/output/Tan/3/4_5/ 5 2
/media/data2/users/dangmanhtruong95/Kinect_1_original_augmented_padding/output/Tan/3/3_4/ 1 2
/media/data2/users/dangmanhtruong95/Kinect_1_original_augmented_padding/output/Tan/3/3_4/ 11 2
/media/data2/users/dangmanhtruong95/Kinect_1_original_augmented_padding/output/Tan/3/5_1/ 1 2
/media/data2/users/dangmanhtruong95/Kinect_1_original_augmented_padding/output/Tan/3/5_1/ 12 2
/media/data2/users/dangmanhtruong95/Kinect_1_original_augmented_padding/output/Tan/3/3_5/ 1 2
/media/data2/users/dangmanhtruong95/Kinect_1_original_augmented_padding/output/Tan/3/3_5/ 11 2
/media/data2/users/dangmanhtruong95/Kinect_1_original_augmented_padding/output/Tan/3/1_5/ 1 2
/media/data2/users/dangmanhtruong95/Kinect_1_original_augmented_padding/output/Tan/3/1_5/ 17 2
/media/data2/users/dangmanhtruong95/Kinect_1_original_augmented_padding/output/Tan/3/1_5/ 18 2
/media/data2/users/dangmanhtruong95/Kinect_1_original_augmented_padding/output/Tan/3/4_3/ 1 2
/media/data2/users/dangmanhtruong95/Kinect_1_original_augmented_padding/output/Tan/3/4_3/ 5 2
/media/data2/users/dangmanhtruong95/Kinect_1_original_augmented_padding/output/Tan/3/2_3/ 1 2
/media/data2/users/dangmanhtruong95/Kinect_1_original_augmented_padding/output/Tan/3/2_3/ 16 2
/media/data2/users/dangmanhtruong95/Kinect_1_original_augmented_padding/output/Tan/3/1_2/ 1 2
/media/data2/users/dangmanhtruong95/Kinect_1_original_augmented_padding/output/Tan/3/1_2/ 17 2
/media/data2/users/dangmanhtruong95/Kinect_1_original_augmented_padding/output/Tan/3/1_2/ 18 2
/media/data2/users/dangmanhtruong95/Kinect_1_original_augmented_padding/output/Tan/3/4_4/ 1 2
/media/data2/users/dangmanhtruong95/Kinect_1_original_augmented_padding/output/Tan/3/4_4/ 5 2
/media/data2/users/dangmanhtruong95/Kinect_1_original_augmented_padding/output/Tan/3/5_4/ 1 2
/media/data2/users/dangmanhtruong95/Kinect_1_original_augmented_padding/output/Tan/3/5_4/ 12 2
/media/data2/users/dangmanhtruong95/Kinect_1_original_augmented_padding/output/Tan/3/5_5/ 1 2
/media/data2/users/dangmanhtruong95/Kinect_1_original_augmented_padding/output/Tan/3/5_5/ 12 2
/media/data2/users/dangmanhtruong95/Kinect_1_original_augmented_padding/output/Tan/3/4_1/ 1 2
/media/data2/users/dangmanhtruong95/Kinect_1_original_augmented_padding/output/Tan/3/4_1/ 5 2
/media/data2/users/dangmanhtruong95/Kinect_1_original_augmented_padding/output/Tan/3/1_1/ 1 2
/media/data2/users/dangmanhtruong95/Kinect_1_original_augmented_padding/output/Tan/3/1_1/ 17 2
/media/data2/users/dangmanhtruong95/Kinect_1_original_augmented_padding/output/Tan/3/1_1/ 18 2
/media/data2/users/dangmanhtruong95/Kinect_1_original_augmented_padding/output/Tan/3/3_1/ 1 2
/media/data2/users/dangmanhtruong95/Kinect_1_original_augmented_padding/output/Tan/3/3_1/ 11 2
/media/data2/users/dangmanhtruong95/Kinect_1_original_augmented_padding/output/Tan/3/2_2/ 1 2
/media/data2/users/dangmanhtruong95/Kinect_1_original_augmented_padding/output/Tan/3/2_2/ 16 2
/media/data2/users/dangmanhtruong95/Kinect_1_original_augmented_padding/output/Tan/3/2_1/ 1 2
/media/data2/users/dangmanhtruong95/Kinect_1_original_augmented_padding/output/Tan/3/2_1/ 16 2
/media/data2/users/dangmanhtruong95/Kinect_1_original_augmented_padding/output/Tan/4/5_3/ 1 3
/media/data2/users/dangmanhtruong95/Kinect_1_original_augmented_padding/output/Tan/4/5_3/ 17 3
/media/data2/users/dangmanhtruong95/Kinect_1_original_augmented_padding/output/Tan/4/5_3/ 21 3
/media/data2/users/dangmanhtruong95/Kinect_1_original_augmented_padding/output/Tan/4/3_3/ 1 3
/media/data2/users/dangmanhtruong95/Kinect_1_original_augmented_padding/output/Tan/4/3_3/ 6 3
/media/data2/users/dangmanhtruong95/Kinect_1_original_augmented_padding/output/Tan/4/2_5/ 1 3
/media/data2/users/dangmanhtruong95/Kinect_1_original_augmented_padding/output/Tan/4/2_5/ 8 3
/media/data2/users/dangmanhtruong95/Kinect_1_original_augmented_padding/output/Tan/4/3_2/ 1 3
/media/data2/users/dangmanhtruong95/Kinect_1_original_augmented_padding/output/Tan/4/3_2/ 6 3
/media/data2/users/dangmanhtruong95/Kinect_1_original_augmented_padding/output/Tan/4/2_4/ 1 3
/media/data2/users/dangmanhtruong95/Kinect_1_original_augmented_padding/output/Tan/4/2_4/ 8 3
/media/data2/users/dangmanhtruong95/Kinect_1_original_augmented_padding/output/Tan/4/1_3/ 1 3
/media/data2/users/dangmanhtruong95/Kinect_1_original_augmented_padding/output/Tan/4/1_3/ 13 3
/media/data2/users/dangmanhtruong95/Kinect_1_original_augmented_padding/output/Tan/4/4_2/ 1 3
/media/data2/users/dangmanhtruong95/Kinect_1_original_augmented_padding/output/Tan/4/4_2/ 10 3
/media/data2/users/dangmanhtruong95/Kinect_1_original_augmented_padding/output/Tan/4/5_2/ 1 3
/media/data2/users/dangmanhtruong95/Kinect_1_original_augmented_padding/output/Tan/4/5_2/ 17 3
/media/data2/users/dangmanhtruong95/Kinect_1_original_augmented_padding/output/Tan/4/5_2/ 21 3
/media/data2/users/dangmanhtruong95/Kinect_1_original_augmented_padding/output/Tan/4/1_4/ 1 3
/media/data2/users/dangmanhtruong95/Kinect_1_original_augmented_padding/output/Tan/4/1_4/ 13 3
/media/data2/users/dangmanhtruong95/Kinect_1_original_augmented_padding/output/Tan/4/4_5/ 1 3
/media/data2/users/dangmanhtruong95/Kinect_1_original_augmented_padding/output/Tan/4/4_5/ 10 3
/media/data2/users/dangmanhtruong95/Kinect_1_original_augmented_padding/output/Tan/4/3_4/ 1 3
/media/data2/users/dangmanhtruong95/Kinect_1_original_augmented_padding/output/Tan/4/3_4/ 6 3
/media/data2/users/dangmanhtruong95/Kinect_1_original_augmented_padding/output/Tan/4/5_1/ 1 3
/media/data2/users/dangmanhtruong95/Kinect_1_original_augmented_padding/output/Tan/4/5_1/ 17 3
/media/data2/users/dangmanhtruong95/Kinect_1_original_augmented_padding/output/Tan/4/5_1/ 21 3
/media/data2/users/dangmanhtruong95/Kinect_1_original_augmented_padding/output/Tan/4/3_5/ 1 3
/media/data2/users/dangmanhtruong95/Kinect_1_original_augmented_padding/output/Tan/4/3_5/ 6 3
/media/data2/users/dangmanhtruong95/Kinect_1_original_augmented_padding/output/Tan/4/1_5/ 1 3
/media/data2/users/dangmanhtruong95/Kinect_1_original_augmented_padding/output/Tan/4/1_5/ 13 3
/media/data2/users/dangmanhtruong95/Kinect_1_original_augmented_padding/output/Tan/4/4_3/ 1 3
/media/data2/users/dangmanhtruong95/Kinect_1_original_augmented_padding/output/Tan/4/4_3/ 10 3
/media/data2/users/dangmanhtruong95/Kinect_1_original_augmented_padding/output/Tan/4/2_3/ 1 3
/media/data2/users/dangmanhtruong95/Kinect_1_original_augmented_padding/output/Tan/4/2_3/ 8 3
/media/data2/users/dangmanhtruong95/Kinect_1_original_augmented_padding/output/Tan/4/1_2/ 1 3
/media/data2/users/dangmanhtruong95/Kinect_1_original_augmented_padding/output/Tan/4/1_2/ 13 3
/media/data2/users/dangmanhtruong95/Kinect_1_original_augmented_padding/output/Tan/4/4_4/ 1 3
/media/data2/users/dangmanhtruong95/Kinect_1_original_augmented_padding/output/Tan/4/4_4/ 10 3
/media/data2/users/dangmanhtruong95/Kinect_1_original_augmented_padding/output/Tan/4/5_4/ 1 3
/media/data2/users/dangmanhtruong95/Kinect_1_original_augmented_padding/output/Tan/4/5_4/ 17 3
/media/data2/users/dangmanhtruong95/Kinect_1_original_augmented_padding/output/Tan/4/5_4/ 21 3
/media/data2/users/dangmanhtruong95/Kinect_1_original_augmented_padding/output/Tan/4/5_5/ 1 3
/media/data2/users/dangmanhtruong95/Kinect_1_original_augmented_padding/output/Tan/4/5_5/ 17 3
/media/data2/users/dangmanhtruong95/Kinect_1_original_augmented_padding/output/Tan/4/5_5/ 21 3
/media/data2/users/dangmanhtruong95/Kinect_1_original_augmented_padding/output/Tan/4/4_1/ 1 3
/media/data2/users/dangmanhtruong95/Kinect_1_original_augmented_padding/output/Tan/4/4_1/ 10 3
/media/data2/users/dangmanhtruong95/Kinect_1_original_augmented_padding/output/Tan/4/1_1/ 1 3
/media/data2/users/dangmanhtruong95/Kinect_1_original_augmented_padding/output/Tan/4/1_1/ 13 3
/media/data2/users/dangmanhtruong95/Kinect_1_original_augmented_padding/output/Tan/4/3_1/ 1 3
/media/data2/users/dangmanhtruong95/Kinect_1_original_augmented_padding/output/Tan/4/3_1/ 6 3
/media/data2/users/dangmanhtruong95/Kinect_1_original_augmented_padding/output/Tan/4/2_2/ 1 3
/media/data2/users/dangmanhtruong95/Kinect_1_original_augmented_padding/output/Tan/4/2_2/ 8 3
/media/data2/users/dangmanhtruong95/Kinect_1_original_augmented_padding/output/Tan/4/2_1/ 1 3
/media/data2/users/dangmanhtruong95/Kinect_1_original_augmented_padding/output/Tan/4/2_1/ 8 3
/media/data2/users/dangmanhtruong95/Kinect_1_original_augmented_padding/output/Tan/5/5_3/ 1 4
/media/data2/users/dangmanhtruong95/Kinect_1_original_augmented_padding/output/Tan/5/5_3/ 3 4
/media/data2/users/dangmanhtruong95/Kinect_1_original_augmented_padding/output/Tan/5/3_3/ 1 4
/media/data2/users/dangmanhtruong95/Kinect_1_original_augmented_padding/output/Tan/5/3_3/ 7 4
/media/data2/users/dangmanhtruong95/Kinect_1_original_augmented_padding/output/Tan/5/2_5/ 1 4
/media/data2/users/dangmanhtruong95/Kinect_1_original_augmented_padding/output/Tan/5/2_5/ 4 4
/media/data2/users/dangmanhtruong95/Kinect_1_original_augmented_padding/output/Tan/5/3_2/ 1 4
/media/data2/users/dangmanhtruong95/Kinect_1_original_augmented_padding/output/Tan/5/3_2/ 7 4
/media/data2/users/dangmanhtruong95/Kinect_1_original_augmented_padding/output/Tan/5/2_4/ 1 4
/media/data2/users/dangmanhtruong95/Kinect_1_original_augmented_padding/output/Tan/5/2_4/ 4 4
/media/data2/users/dangmanhtruong95/Kinect_1_original_augmented_padding/output/Tan/5/1_3/ 1 4
/media/data2/users/dangmanhtruong95/Kinect_1_original_augmented_padding/output/Tan/5/1_3/ 8 4
/media/data2/users/dangmanhtruong95/Kinect_1_original_augmented_padding/output/Tan/5/4_2/ 1 4
/media/data2/users/dangmanhtruong95/Kinect_1_original_augmented_padding/output/Tan/5/4_2/ 10 4
/media/data2/users/dangmanhtruong95/Kinect_1_original_augmented_padding/output/Tan/5/5_2/ 1 4
/media/data2/users/dangmanhtruong95/Kinect_1_original_augmented_padding/output/Tan/5/5_2/ 3 4
/media/data2/users/dangmanhtruong95/Kinect_1_original_augmented_padding/output/Tan/5/1_4/ 1 4
/media/data2/users/dangmanhtruong95/Kinect_1_original_augmented_padding/output/Tan/5/1_4/ 8 4
/media/data2/users/dangmanhtruong95/Kinect_1_original_augmented_padding/output/Tan/5/4_5/ 1 4
/media/data2/users/dangmanhtruong95/Kinect_1_original_augmented_padding/output/Tan/5/4_5/ 10 4
/media/data2/users/dangmanhtruong95/Kinect_1_original_augmented_padding/output/Tan/5/3_4/ 1 4
/media/data2/users/dangmanhtruong95/Kinect_1_original_augmented_padding/output/Tan/5/3_4/ 7 4
/media/data2/users/dangmanhtruong95/Kinect_1_original_augmented_padding/output/Tan/5/5_1/ 1 4
/media/data2/users/dangmanhtruong95/Kinect_1_original_augmented_padding/output/Tan/5/5_1/ 3 4
/media/data2/users/dangmanhtruong95/Kinect_1_original_augmented_padding/output/Tan/5/3_5/ 1 4
/media/data2/users/dangmanhtruong95/Kinect_1_original_augmented_padding/output/Tan/5/3_5/ 7 4
/media/data2/users/dangmanhtruong95/Kinect_1_original_augmented_padding/output/Tan/5/1_5/ 1 4
/media/data2/users/dangmanhtruong95/Kinect_1_original_augmented_padding/output/Tan/5/1_5/ 8 4
/media/data2/users/dangmanhtruong95/Kinect_1_original_augmented_padding/output/Tan/5/4_3/ 1 4
/media/data2/users/dangmanhtruong95/Kinect_1_original_augmented_padding/output/Tan/5/4_3/ 10 4
/media/data2/users/dangmanhtruong95/Kinect_1_original_augmented_padding/output/Tan/5/2_3/ 1 4
/media/data2/users/dangmanhtruong95/Kinect_1_original_augmented_padding/output/Tan/5/2_3/ 4 4
/media/data2/users/dangmanhtruong95/Kinect_1_original_augmented_padding/output/Tan/5/1_2/ 1 4
/media/data2/users/dangmanhtruong95/Kinect_1_original_augmented_padding/output/Tan/5/1_2/ 8 4
/media/data2/users/dangmanhtruong95/Kinect_1_original_augmented_padding/output/Tan/5/4_4/ 1 4
/media/data2/users/dangmanhtruong95/Kinect_1_original_augmented_padding/output/Tan/5/4_4/ 10 4
/media/data2/users/dangmanhtruong95/Kinect_1_original_augmented_padding/output/Tan/5/5_4/ 1 4
/media/data2/users/dangmanhtruong95/Kinect_1_original_augmented_padding/output/Tan/5/5_4/ 3 4
/media/data2/users/dangmanhtruong95/Kinect_1_original_augmented_padding/output/Tan/5/5_5/ 1 4
/media/data2/users/dangmanhtruong95/Kinect_1_original_augmented_padding/output/Tan/5/5_5/ 3 4
/media/data2/users/dangmanhtruong95/Kinect_1_original_augmented_padding/output/Tan/5/4_1/ 1 4
/media/data2/users/dangmanhtruong95/Kinect_1_original_augmented_padding/output/Tan/5/4_1/ 10 4
/media/data2/users/dangmanhtruong95/Kinect_1_original_augmented_padding/output/Tan/5/1_1/ 1 4
/media/data2/users/dangmanhtruong95/Kinect_1_original_augmented_padding/output/Tan/5/1_1/ 8 4
/media/data2/users/dangmanhtruong95/Kinect_1_original_augmented_padding/output/Tan/5/3_1/ 1 4
/media/data2/users/dangmanhtruong95/Kinect_1_original_augmented_padding/output/Tan/5/3_1/ 7 4
/media/data2/users/dangmanhtruong95/Kinect_1_original_augmented_padding/output/Tan/5/2_2/ 1 4
/media/data2/users/dangmanhtruong95/Kinect_1_original_augmented_padding/output/Tan/5/2_2/ 4 4
/media/data2/users/dangmanhtruong95/Kinect_1_original_augmented_padding/output/Tan/5/2_1/ 1 4
/media/data2/users/dangmanhtruong95/Kinect_1_original_augmented_padding/output/Tan/5/2_1/ 4 4
/media/data2/users/dangmanhtruong95/Kinect_1_original_augmented_padding/output/Binh/1/5_3/ 1 0
/media/data2/users/dangmanhtruong95/Kinect_1_original_augmented_padding/output/Binh/1/3_3/ 1 0
/media/data2/users/dangmanhtruong95/Kinect_1_original_augmented_padding/output/Binh/1/2_5/ 1 0
/media/data2/users/dangmanhtruong95/Kinect_1_original_augmented_padding/output/Binh/1/3_2/ 1 0
/media/data2/users/dangmanhtruong95/Kinect_1_original_augmented_padding/output/Binh/1/2_4/ 1 0
/media/data2/users/dangmanhtruong95/Kinect_1_original_augmented_padding/output/Binh/1/1_3/ 1 0
/media/data2/users/dangmanhtruong95/Kinect_1_original_augmented_padding/output/Binh/1/4_2/ 1 0
/media/data2/users/dangmanhtruong95/Kinect_1_original_augmented_padding/output/Binh/1/5_2/ 1 0
/media/data2/users/dangmanhtruong95/Kinect_1_original_augmented_padding/output/Binh/1/1_4/ 1 0
/media/data2/users/dangmanhtruong95/Kinect_1_original_augmented_padding/output/Binh/1/4_5/ 1 0
/media/data2/users/dangmanhtruong95/Kinect_1_original_augmented_padding/output/Binh/1/3_4/ 1 0
/media/data2/users/dangmanhtruong95/Kinect_1_original_augmented_padding/output/Binh/1/5_1/ 1 0
/media/data2/users/dangmanhtruong95/Kinect_1_original_augmented_padding/output/Binh/1/3_5/ 1 0
/media/data2/users/dangmanhtruong95/Kinect_1_original_augmented_padding/output/Binh/1/1_5/ 1 0
/media/data2/users/dangmanhtruong95/Kinect_1_original_augmented_padding/output/Binh/1/4_3/ 1 0
/media/data2/users/dangmanhtruong95/Kinect_1_original_augmented_padding/output/Binh/1/2_3/ 1 0
/media/data2/users/dangmanhtruong95/Kinect_1_original_augmented_padding/output/Binh/1/1_2/ 1 0
/media/data2/users/dangmanhtruong95/Kinect_1_original_augmented_padding/output/Binh/1/4_4/ 1 0
/media/data2/users/dangmanhtruong95/Kinect_1_original_augmented_padding/output/Binh/1/5_4/ 1 0
/media/data2/users/dangmanhtruong95/Kinect_1_original_augmented_padding/output/Binh/1/5_5/ 1 0
/media/data2/users/dangmanhtruong95/Kinect_1_original_augmented_padding/output/Binh/1/4_1/ 1 0
/media/data2/users/dangmanhtruong95/Kinect_1_original_augmented_padding/output/Binh/1/1_1/ 1 0
/media/data2/users/dangmanhtruong95/Kinect_1_original_augmented_padding/output/Binh/1/3_1/ 1 0
/media/data2/users/dangmanhtruong95/Kinect_1_original_augmented_padding/output/Binh/1/2_2/ 1 0
/media/data2/users/dangmanhtruong95/Kinect_1_original_augmented_padding/output/Binh/1/2_1/ 1 0
/media/data2/users/dangmanhtruong95/Kinect_1_original_augmented_padding/output/Binh/2/3_3/ 1 1
/media/data2/users/dangmanhtruong95/Kinect_1_original_augmented_padding/output/Binh/2/2_5/ 1 1
/media/data2/users/dangmanhtruong95/Kinect_1_original_augmented_padding/output/Binh/2/3_2/ 1 1
/media/data2/users/dangmanhtruong95/Kinect_1_original_augmented_padding/output/Binh/2/2_4/ 1 1
/media/data2/users/dangmanhtruong95/Kinect_1_original_augmented_padding/output/Binh/2/1_3/ 1 1
/media/data2/users/dangmanhtruong95/Kinect_1_original_augmented_padding/output/Binh/2/1_3/ 7 1
/media/data2/users/dangmanhtruong95/Kinect_1_original_augmented_padding/output/Binh/2/4_2/ 1 1
/media/data2/users/dangmanhtruong95/Kinect_1_original_augmented_padding/output/Binh/2/1_4/ 1 1
/media/data2/users/dangmanhtruong95/Kinect_1_original_augmented_padding/output/Binh/2/1_4/ 7 1
/media/data2/users/dangmanhtruong95/Kinect_1_original_augmented_padding/output/Binh/2/4_5/ 1 1
/media/data2/users/dangmanhtruong95/Kinect_1_original_augmented_padding/output/Binh/2/3_4/ 1 1
/media/data2/users/dangmanhtruong95/Kinect_1_original_augmented_padding/output/Binh/2/3_5/ 1 1
/media/data2/users/dangmanhtruong95/Kinect_1_original_augmented_padding/output/Binh/2/1_5/ 1 1
/media/data2/users/dangmanhtruong95/Kinect_1_original_augmented_padding/output/Binh/2/1_5/ 7 1
/media/data2/users/dangmanhtruong95/Kinect_1_original_augmented_padding/output/Binh/2/4_3/ 1 1
/media/data2/users/dangmanhtruong95/Kinect_1_original_augmented_padding/output/Binh/2/2_3/ 1 1
/media/data2/users/dangmanhtruong95/Kinect_1_original_augmented_padding/output/Binh/2/1_2/ 1 1
/media/data2/users/dangmanhtruong95/Kinect_1_original_augmented_padding/output/Binh/2/1_2/ 7 1
/media/data2/users/dangmanhtruong95/Kinect_1_original_augmented_padding/output/Binh/2/4_4/ 1 1
/media/data2/users/dangmanhtruong95/Kinect_1_original_augmented_padding/output/Binh/2/4_1/ 1 1
/media/data2/users/dangmanhtruong95/Kinect_1_original_augmented_padding/output/Binh/2/1_1/ 1 1
/media/data2/users/dangmanhtruong95/Kinect_1_original_augmented_padding/output/Binh/2/1_1/ 7 1
/media/data2/users/dangmanhtruong95/Kinect_1_original_augmented_padding/output/Binh/2/3_1/ 1 1
/media/data2/users/dangmanhtruong95/Kinect_1_original_augmented_padding/output/Binh/2/2_2/ 1 1
/media/data2/users/dangmanhtruong95/Kinect_1_original_augmented_padding/output/Binh/2/2_1/ 1 1
/media/data2/users/dangmanhtruong95/Kinect_1_original_augmented_padding/output/Binh/3/5_3/ 1 2
/media/data2/users/dangmanhtruong95/Kinect_1_original_augmented_padding/output/Binh/3/5_3/ 17 2
/media/data2/users/dangmanhtruong95/Kinect_1_original_augmented_padding/output/Binh/3/5_3/ 22 2
/media/data2/users/dangmanhtruong95/Kinect_1_original_augmented_padding/output/Binh/3/3_3/ 1 2
/media/data2/users/dangmanhtruong95/Kinect_1_original_augmented_padding/output/Binh/3/3_3/ 17 2
/media/data2/users/dangmanhtruong95/Kinect_1_original_augmented_padding/output/Binh/3/3_3/ 22 2
/media/data2/users/dangmanhtruong95/Kinect_1_original_augmented_padding/output/Binh/3/6_5/ 1 2
/media/data2/users/dangmanhtruong95/Kinect_1_original_augmented_padding/output/Binh/3/6_5/ 17 2
/media/data2/users/dangmanhtruong95/Kinect_1_original_augmented_padding/output/Binh/3/6_5/ 28 2
/media/data2/users/dangmanhtruong95/Kinect_1_original_augmented_padding/output/Binh/3/2_5/ 1 2
/media/data2/users/dangmanhtruong95/Kinect_1_original_augmented_padding/output/Binh/3/2_5/ 17 2
/media/data2/users/dangmanhtruong95/Kinect_1_original_augmented_padding/output/Binh/3/2_5/ 18 2
/media/data2/users/dangmanhtruong95/Kinect_1_original_augmented_padding/output/Binh/3/9_1/ 1 2
/media/data2/users/dangmanhtruong95/Kinect_1_original_augmented_padding/output/Binh/3/9_1/ 14 2
/media/data2/users/dangmanhtruong95/Kinect_1_original_augmented_padding/output/Binh/3/3_2/ 1 2
/media/data2/users/dangmanhtruong95/Kinect_1_original_augmented_padding/output/Binh/3/3_2/ 17 2
/media/data2/users/dangmanhtruong95/Kinect_1_original_augmented_padding/output/Binh/3/3_2/ 22 2
/media/data2/users/dangmanhtruong95/Kinect_1_original_augmented_padding/output/Binh/3/9_5/ 1 2
/media/data2/users/dangmanhtruong95/Kinect_1_original_augmented_padding/output/Binh/3/9_5/ 14 2
/media/data2/users/dangmanhtruong95/Kinect_1_original_augmented_padding/output/Binh/3/2_4/ 1 2
/media/data2/users/dangmanhtruong95/Kinect_1_original_augmented_padding/output/Binh/3/2_4/ 17 2
/media/data2/users/dangmanhtruong95/Kinect_1_original_augmented_padding/output/Binh/3/2_4/ 18 2
/media/data2/users/dangmanhtruong95/Kinect_1_original_augmented_padding/output/Binh/3/9_2/ 1 2
/media/data2/users/dangmanhtruong95/Kinect_1_original_augmented_padding/output/Binh/3/9_2/ 14 2
/media/data2/users/dangmanhtruong95/Kinect_1_original_augmented_padding/output/Binh/3/1_3/ 1 2
/media/data2/users/dangmanhtruong95/Kinect_1_original_augmented_padding/output/Binh/3/1_3/ 7 2
/media/data2/users/dangmanhtruong95/Kinect_1_original_augmented_padding/output/Binh/3/7_1/ 1 2
/media/data2/users/dangmanhtruong95/Kinect_1_original_augmented_padding/output/Binh/3/7_1/ 17 2
/media/data2/users/dangmanhtruong95/Kinect_1_original_augmented_padding/output/Binh/3/7_1/ 19 2
/media/data2/users/dangmanhtruong95/Kinect_1_original_augmented_padding/output/Binh/3/4_2/ 1 2
/media/data2/users/dangmanhtruong95/Kinect_1_original_augmented_padding/output/Binh/3/4_2/ 10 2
/media/data2/users/dangmanhtruong95/Kinect_1_original_augmented_padding/output/Binh/3/5_2/ 1 2
/media/data2/users/dangmanhtruong95/Kinect_1_original_augmented_padding/output/Binh/3/5_2/ 17 2
/media/data2/users/dangmanhtruong95/Kinect_1_original_augmented_padding/output/Binh/3/5_2/ 22 2
/media/data2/users/dangmanhtruong95/Kinect_1_original_augmented_padding/output/Binh/3/6_4/ 1 2
/media/data2/users/dangmanhtruong95/Kinect_1_original_augmented_padding/output/Binh/3/6_4/ 17 2
/media/data2/users/dangmanhtruong95/Kinect_1_original_augmented_padding/output/Binh/3/6_4/ 28 2
/media/data2/users/dangmanhtruong95/Kinect_1_original_augmented_padding/output/Binh/3/7_4/ 1 2
/media/data2/users/dangmanhtruong95/Kinect_1_original_augmented_padding/output/Binh/3/7_4/ 17 2
/media/data2/users/dangmanhtruong95/Kinect_1_original_augmented_padding/output/Binh/3/7_4/ 19 2
/media/data2/users/dangmanhtruong95/Kinect_1_original_augmented_padding/output/Binh/3/1_4/ 1 2
/media/data2/users/dangmanhtruong95/Kinect_1_original_augmented_padding/output/Binh/3/1_4/ 7 2
/media/data2/users/dangmanhtruong95/Kinect_1_original_augmented_padding/output/Binh/3/8_3/ 1 2
/media/data2/users/dangmanhtruong95/Kinect_1_original_augmented_padding/output/Binh/3/8_3/ 17 2
/media/data2/users/dangmanhtruong95/Kinect_1_original_augmented_padding/output/Binh/3/8_3/ 25 2
/media/data2/users/dangmanhtruong95/Kinect_1_original_augmented_padding/output/Binh/3/8_2/ 1 2
/media/data2/users/dangmanhtruong95/Kinect_1_original_augmented_padding/output/Binh/3/8_2/ 17 2
/media/data2/users/dangmanhtruong95/Kinect_1_original_augmented_padding/output/Binh/3/8_2/ 25 2
/media/data2/users/dangmanhtruong95/Kinect_1_original_augmented_padding/output/Binh/3/8_1/ 1 2
/media/data2/users/dangmanhtruong95/Kinect_1_original_augmented_padding/output/Binh/3/8_1/ 17 2
/media/data2/users/dangmanhtruong95/Kinect_1_original_augmented_padding/output/Binh/3/8_1/ 25 2
/media/data2/users/dangmanhtruong95/Kinect_1_original_augmented_padding/output/Binh/3/4_5/ 1 2
/media/data2/users/dangmanhtruong95/Kinect_1_original_augmented_padding/output/Binh/3/4_5/ 10 2
/media/data2/users/dangmanhtruong95/Kinect_1_original_augmented_padding/output/Binh/3/8_4/ 1 2
/media/data2/users/dangmanhtruong95/Kinect_1_original_augmented_padding/output/Binh/3/8_4/ 17 2
/media/data2/users/dangmanhtruong95/Kinect_1_original_augmented_padding/output/Binh/3/8_4/ 25 2
/media/data2/users/dangmanhtruong95/Kinect_1_original_augmented_padding/output/Binh/3/3_4/ 1 2
/media/data2/users/dangmanhtruong95/Kinect_1_original_augmented_padding/output/Binh/3/3_4/ 17 2
/media/data2/users/dangmanhtruong95/Kinect_1_original_augmented_padding/output/Binh/3/3_4/ 22 2
/media/data2/users/dangmanhtruong95/Kinect_1_original_augmented_padding/output/Binh/3/5_1/ 1 2
/media/data2/users/dangmanhtruong95/Kinect_1_original_augmented_padding/output/Binh/3/5_1/ 17 2
/media/data2/users/dangmanhtruong95/Kinect_1_original_augmented_padding/output/Binh/3/5_1/ 22 2
/media/data2/users/dangmanhtruong95/Kinect_1_original_augmented_padding/output/Binh/3/9_4/ 1 2
/media/data2/users/dangmanhtruong95/Kinect_1_original_augmented_padding/output/Binh/3/9_4/ 14 2
/media/data2/users/dangmanhtruong95/Kinect_1_original_augmented_padding/output/Binh/3/8_5/ 1 2
/media/data2/users/dangmanhtruong95/Kinect_1_original_augmented_padding/output/Binh/3/8_5/ 17 2
/media/data2/users/dangmanhtruong95/Kinect_1_original_augmented_padding/output/Binh/3/8_5/ 25 2
/media/data2/users/dangmanhtruong95/Kinect_1_original_augmented_padding/output/Binh/3/3_5/ 1 2
/media/data2/users/dangmanhtruong95/Kinect_1_original_augmented_padding/output/Binh/3/3_5/ 17 2
/media/data2/users/dangmanhtruong95/Kinect_1_original_augmented_padding/output/Binh/3/3_5/ 22 2
/media/data2/users/dangmanhtruong95/Kinect_1_original_augmented_padding/output/Binh/3/1_5/ 1 2
/media/data2/users/dangmanhtruong95/Kinect_1_original_augmented_padding/output/Binh/3/1_5/ 7 2
/media/data2/users/dangmanhtruong95/Kinect_1_original_augmented_padding/output/Binh/3/6_2/ 1 2
/media/data2/users/dangmanhtruong95/Kinect_1_original_augmented_padding/output/Binh/3/6_2/ 17 2
/media/data2/users/dangmanhtruong95/Kinect_1_original_augmented_padding/output/Binh/3/6_2/ 28 2
/media/data2/users/dangmanhtruong95/Kinect_1_original_augmented_padding/output/Binh/3/4_3/ 1 2
/media/data2/users/dangmanhtruong95/Kinect_1_original_augmented_padding/output/Binh/3/4_3/ 10 2
/media/data2/users/dangmanhtruong95/Kinect_1_original_augmented_padding/output/Binh/3/6_1/ 1 2
/media/data2/users/dangmanhtruong95/Kinect_1_original_augmented_padding/output/Binh/3/6_1/ 17 2
/media/data2/users/dangmanhtruong95/Kinect_1_original_augmented_padding/output/Binh/3/6_1/ 28 2
/media/data2/users/dangmanhtruong95/Kinect_1_original_augmented_padding/output/Binh/3/2_3/ 1 2
/media/data2/users/dangmanhtruong95/Kinect_1_original_augmented_padding/output/Binh/3/2_3/ 17 2
/media/data2/users/dangmanhtruong95/Kinect_1_original_augmented_padding/output/Binh/3/2_3/ 18 2
/media/data2/users/dangmanhtruong95/Kinect_1_original_augmented_padding/output/Binh/3/1_2/ 1 2
/media/data2/users/dangmanhtruong95/Kinect_1_original_augmented_padding/output/Binh/3/1_2/ 7 2
/media/data2/users/dangmanhtruong95/Kinect_1_original_augmented_padding/output/Binh/3/4_4/ 1 2
/media/data2/users/dangmanhtruong95/Kinect_1_original_augmented_padding/output/Binh/3/4_4/ 10 2
/media/data2/users/dangmanhtruong95/Kinect_1_original_augmented_padding/output/Binh/3/5_4/ 1 2
/media/data2/users/dangmanhtruong95/Kinect_1_original_augmented_padding/output/Binh/3/5_4/ 17 2
/media/data2/users/dangmanhtruong95/Kinect_1_original_augmented_padding/output/Binh/3/5_4/ 22 2
/media/data2/users/dangmanhtruong95/Kinect_1_original_augmented_padding/output/Binh/3/5_5/ 1 2
/media/data2/users/dangmanhtruong95/Kinect_1_original_augmented_padding/output/Binh/3/5_5/ 17 2
/media/data2/users/dangmanhtruong95/Kinect_1_original_augmented_padding/output/Binh/3/5_5/ 22 2
/media/data2/users/dangmanhtruong95/Kinect_1_original_augmented_padding/output/Binh/3/4_1/ 1 2
/media/data2/users/dangmanhtruong95/Kinect_1_original_augmented_padding/output/Binh/3/4_1/ 10 2
/media/data2/users/dangmanhtruong95/Kinect_1_original_augmented_padding/output/Binh/3/7_2/ 1 2
/media/data2/users/dangmanhtruong95/Kinect_1_original_augmented_padding/output/Binh/3/7_2/ 17 2
/media/data2/users/dangmanhtruong95/Kinect_1_original_augmented_padding/output/Binh/3/7_2/ 19 2
/media/data2/users/dangmanhtruong95/Kinect_1_original_augmented_padding/output/Binh/3/6_3/ 1 2
/media/data2/users/dangmanhtruong95/Kinect_1_original_augmented_padding/output/Binh/3/6_3/ 17 2
/media/data2/users/dangmanhtruong95/Kinect_1_original_augmented_padding/output/Binh/3/6_3/ 28 2
/media/data2/users/dangmanhtruong95/Kinect_1_original_augmented_padding/output/Binh/3/7_5/ 1 2
/media/data2/users/dangmanhtruong95/Kinect_1_original_augmented_padding/output/Binh/3/7_5/ 17 2
/media/data2/users/dangmanhtruong95/Kinect_1_original_augmented_padding/output/Binh/3/7_5/ 19 2
/media/data2/users/dangmanhtruong95/Kinect_1_original_augmented_padding/output/Binh/3/9_3/ 1 2
/media/data2/users/dangmanhtruong95/Kinect_1_original_augmented_padding/output/Binh/3/9_3/ 14 2
/media/data2/users/dangmanhtruong95/Kinect_1_original_augmented_padding/output/Binh/3/1_1/ 1 2
/media/data2/users/dangmanhtruong95/Kinect_1_original_augmented_padding/output/Binh/3/1_1/ 7 2
/media/data2/users/dangmanhtruong95/Kinect_1_original_augmented_padding/output/Binh/3/3_1/ 1 2
/media/data2/users/dangmanhtruong95/Kinect_1_original_augmented_padding/output/Binh/3/3_1/ 17 2
/media/data2/users/dangmanhtruong95/Kinect_1_original_augmented_padding/output/Binh/3/3_1/ 22 2
/media/data2/users/dangmanhtruong95/Kinect_1_original_augmented_padding/output/Binh/3/7_3/ 1 2
/media/data2/users/dangmanhtruong95/Kinect_1_original_augmented_padding/output/Binh/3/7_3/ 17 2
/media/data2/users/dangmanhtruong95/Kinect_1_original_augmented_padding/output/Binh/3/7_3/ 19 2
/media/data2/users/dangmanhtruong95/Kinect_1_original_augmented_padding/output/Binh/3/2_2/ 1 2
/media/data2/users/dangmanhtruong95/Kinect_1_original_augmented_padding/output/Binh/3/2_2/ 17 2
/media/data2/users/dangmanhtruong95/Kinect_1_original_augmented_padding/output/Binh/3/2_2/ 18 2
/media/data2/users/dangmanhtruong95/Kinect_1_original_augmented_padding/output/Binh/3/2_1/ 1 2
/media/data2/users/dangmanhtruong95/Kinect_1_original_augmented_padding/output/Binh/3/2_1/ 17 2
/media/data2/users/dangmanhtruong95/Kinect_1_original_augmented_padding/output/Binh/3/2_1/ 18 2
/media/data2/users/dangmanhtruong95/Kinect_1_original_augmented_padding/output/Binh/4/5_3/ 1 3
/media/data2/users/dangmanhtruong95/Kinect_1_original_augmented_padding/output/Binh/4/5_3/ 17 3
/media/data2/users/dangmanhtruong95/Kinect_1_original_augmented_padding/output/Binh/4/5_3/ 33 3
/media/data2/users/dangmanhtruong95/Kinect_1_original_augmented_padding/output/Binh/4/5_3/ 36 3
/media/data2/users/dangmanhtruong95/Kinect_1_original_augmented_padding/output/Binh/4/3_3/ 1 3
/media/data2/users/dangmanhtruong95/Kinect_1_original_augmented_padding/output/Binh/4/3_3/ 17 3
/media/data2/users/dangmanhtruong95/Kinect_1_original_augmented_padding/output/Binh/4/3_3/ 33 3
/media/data2/users/dangmanhtruong95/Kinect_1_original_augmented_padding/output/Binh/4/3_3/ 49 3
/media/data2/users/dangmanhtruong95/Kinect_1_original_augmented_padding/output/Binh/4/3_3/ 55 3
/media/data2/users/dangmanhtruong95/Kinect_1_original_augmented_padding/output/Binh/4/2_5/ 1 3
/media/data2/users/dangmanhtruong95/Kinect_1_original_augmented_padding/output/Binh/4/2_5/ 17 3
/media/data2/users/dangmanhtruong95/Kinect_1_original_augmented_padding/output/Binh/4/2_5/ 33 3
/media/data2/users/dangmanhtruong95/Kinect_1_original_augmented_padding/output/Binh/4/2_5/ 49 3
/media/data2/users/dangmanhtruong95/Kinect_1_original_augmented_padding/output/Binh/4/2_5/ 60 3
/media/data2/users/dangmanhtruong95/Kinect_1_original_augmented_padding/output/Binh/4/3_2/ 1 3
/media/data2/users/dangmanhtruong95/Kinect_1_original_augmented_padding/output/Binh/4/3_2/ 17 3
/media/data2/users/dangmanhtruong95/Kinect_1_original_augmented_padding/output/Binh/4/3_2/ 33 3
/media/data2/users/dangmanhtruong95/Kinect_1_original_augmented_padding/output/Binh/4/3_2/ 49 3
/media/data2/users/dangmanhtruong95/Kinect_1_original_augmented_padding/output/Binh/4/3_2/ 55 3
/media/data2/users/dangmanhtruong95/Kinect_1_original_augmented_padding/output/Binh/4/2_4/ 1 3
/media/data2/users/dangmanhtruong95/Kinect_1_original_augmented_padding/output/Binh/4/2_4/ 17 3
/media/data2/users/dangmanhtruong95/Kinect_1_original_augmented_padding/output/Binh/4/2_4/ 33 3
/media/data2/users/dangmanhtruong95/Kinect_1_original_augmented_padding/output/Binh/4/2_4/ 49 3
/media/data2/users/dangmanhtruong95/Kinect_1_original_augmented_padding/output/Binh/4/2_4/ 60 3
/media/data2/users/dangmanhtruong95/Kinect_1_original_augmented_padding/output/Binh/4/1_3/ 1 3
/media/data2/users/dangmanhtruong95/Kinect_1_original_augmented_padding/output/Binh/4/1_3/ 17 3
/media/data2/users/dangmanhtruong95/Kinect_1_original_augmented_padding/output/Binh/4/1_3/ 21 3
/media/data2/users/dangmanhtruong95/Kinect_1_original_augmented_padding/output/Binh/4/4_2/ 1 3
/media/data2/users/dangmanhtruong95/Kinect_1_original_augmented_padding/output/Binh/4/4_2/ 17 3
/media/data2/users/dangmanhtruong95/Kinect_1_original_augmented_padding/output/Binh/4/4_2/ 33 3
/media/data2/users/dangmanhtruong95/Kinect_1_original_augmented_padding/output/Binh/4/4_2/ 40 3
/media/data2/users/dangmanhtruong95/Kinect_1_original_augmented_padding/output/Binh/4/5_2/ 1 3
/media/data2/users/dangmanhtruong95/Kinect_1_original_augmented_padding/output/Binh/4/5_2/ 17 3
/media/data2/users/dangmanhtruong95/Kinect_1_original_augmented_padding/output/Binh/4/5_2/ 33 3
/media/data2/users/dangmanhtruong95/Kinect_1_original_augmented_padding/output/Binh/4/5_2/ 36 3
/media/data2/users/dangmanhtruong95/Kinect_1_original_augmented_padding/output/Binh/4/1_4/ 1 3
/media/data2/users/dangmanhtruong95/Kinect_1_original_augmented_padding/output/Binh/4/1_4/ 17 3
/media/data2/users/dangmanhtruong95/Kinect_1_original_augmented_padding/output/Binh/4/1_4/ 21 3
/media/data2/users/dangmanhtruong95/Kinect_1_original_augmented_padding/output/Binh/4/4_5/ 1 3
/media/data2/users/dangmanhtruong95/Kinect_1_original_augmented_padding/output/Binh/4/4_5/ 17 3
/media/data2/users/dangmanhtruong95/Kinect_1_original_augmented_padding/output/Binh/4/4_5/ 33 3
/media/data2/users/dangmanhtruong95/Kinect_1_original_augmented_padding/output/Binh/4/4_5/ 40 3
/media/data2/users/dangmanhtruong95/Kinect_1_original_augmented_padding/output/Binh/4/3_4/ 1 3
/media/data2/users/dangmanhtruong95/Kinect_1_original_augmented_padding/output/Binh/4/3_4/ 17 3
/media/data2/users/dangmanhtruong95/Kinect_1_original_augmented_padding/output/Binh/4/3_4/ 33 3
/media/data2/users/dangmanhtruong95/Kinect_1_original_augmented_padding/output/Binh/4/3_4/ 49 3
/media/data2/users/dangmanhtruong95/Kinect_1_original_augmented_padding/output/Binh/4/3_4/ 55 3
/media/data2/users/dangmanhtruong95/Kinect_1_original_augmented_padding/output/Binh/4/5_1/ 1 3
/media/data2/users/dangmanhtruong95/Kinect_1_original_augmented_padding/output/Binh/4/5_1/ 17 3
/media/data2/users/dangmanhtruong95/Kinect_1_original_augmented_padding/output/Binh/4/5_1/ 33 3
/media/data2/users/dangmanhtruong95/Kinect_1_original_augmented_padding/output/Binh/4/5_1/ 36 3
/media/data2/users/dangmanhtruong95/Kinect_1_original_augmented_padding/output/Binh/4/3_5/ 1 3
/media/data2/users/dangmanhtruong95/Kinect_1_original_augmented_padding/output/Binh/4/3_5/ 17 3
/media/data2/users/dangmanhtruong95/Kinect_1_original_augmented_padding/output/Binh/4/3_5/ 33 3
/media/data2/users/dangmanhtruong95/Kinect_1_original_augmented_padding/output/Binh/4/3_5/ 49 3
/media/data2/users/dangmanhtruong95/Kinect_1_original_augmented_padding/output/Binh/4/3_5/ 55 3
/media/data2/users/dangmanhtruong95/Kinect_1_original_augmented_padding/output/Binh/4/1_5/ 1 3
/media/data2/users/dangmanhtruong95/Kinect_1_original_augmented_padding/output/Binh/4/1_5/ 17 3
/media/data2/users/dangmanhtruong95/Kinect_1_original_augmented_padding/output/Binh/4/1_5/ 21 3
/media/data2/users/dangmanhtruong95/Kinect_1_original_augmented_padding/output/Binh/4/4_3/ 1 3
/media/data2/users/dangmanhtruong95/Kinect_1_original_augmented_padding/output/Binh/4/4_3/ 17 3
/media/data2/users/dangmanhtruong95/Kinect_1_original_augmented_padding/output/Binh/4/4_3/ 33 3
/media/data2/users/dangmanhtruong95/Kinect_1_original_augmented_padding/output/Binh/4/4_3/ 40 3
/media/data2/users/dangmanhtruong95/Kinect_1_original_augmented_padding/output/Binh/4/2_3/ 1 3
/media/data2/users/dangmanhtruong95/Kinect_1_original_augmented_padding/output/Binh/4/2_3/ 17 3
/media/data2/users/dangmanhtruong95/Kinect_1_original_augmented_padding/output/Binh/4/2_3/ 33 3
/media/data2/users/dangmanhtruong95/Kinect_1_original_augmented_padding/output/Binh/4/2_3/ 49 3
/media/data2/users/dangmanhtruong95/Kinect_1_original_augmented_padding/output/Binh/4/2_3/ 60 3
/media/data2/users/dangmanhtruong95/Kinect_1_original_augmented_padding/output/Binh/4/1_2/ 1 3
/media/data2/users/dangmanhtruong95/Kinect_1_original_augmented_padding/output/Binh/4/1_2/ 17 3
/media/data2/users/dangmanhtruong95/Kinect_1_original_augmented_padding/output/Binh/4/1_2/ 21 3
/media/data2/users/dangmanhtruong95/Kinect_1_original_augmented_padding/output/Binh/4/4_4/ 1 3
/media/data2/users/dangmanhtruong95/Kinect_1_original_augmented_padding/output/Binh/4/4_4/ 17 3
/media/data2/users/dangmanhtruong95/Kinect_1_original_augmented_padding/output/Binh/4/4_4/ 33 3
/media/data2/users/dangmanhtruong95/Kinect_1_original_augmented_padding/output/Binh/4/4_4/ 40 3
/media/data2/users/dangmanhtruong95/Kinect_1_original_augmented_padding/output/Binh/4/5_4/ 1 3
/media/data2/users/dangmanhtruong95/Kinect_1_original_augmented_padding/output/Binh/4/5_4/ 17 3
/media/data2/users/dangmanhtruong95/Kinect_1_original_augmented_padding/output/Binh/4/5_4/ 33 3
/media/data2/users/dangmanhtruong95/Kinect_1_original_augmented_padding/output/Binh/4/5_4/ 36 3
/media/data2/users/dangmanhtruong95/Kinect_1_original_augmented_padding/output/Binh/4/5_5/ 1 3
/media/data2/users/dangmanhtruong95/Kinect_1_original_augmented_padding/output/Binh/4/5_5/ 17 3
/media/data2/users/dangmanhtruong95/Kinect_1_original_augmented_padding/output/Binh/4/5_5/ 33 3
/media/data2/users/dangmanhtruong95/Kinect_1_original_augmented_padding/output/Binh/4/5_5/ 36 3
/media/data2/users/dangmanhtruong95/Kinect_1_original_augmented_padding/output/Binh/4/4_1/ 1 3
/media/data2/users/dangmanhtruong95/Kinect_1_original_augmented_padding/output/Binh/4/4_1/ 17 3
/media/data2/users/dangmanhtruong95/Kinect_1_original_augmented_padding/output/Binh/4/4_1/ 33 3
/media/data2/users/dangmanhtruong95/Kinect_1_original_augmented_padding/output/Binh/4/4_1/ 40 3
/media/data2/users/dangmanhtruong95/Kinect_1_original_augmented_padding/output/Binh/4/1_1/ 1 3
/media/data2/users/dangmanhtruong95/Kinect_1_original_augmented_padding/output/Binh/4/1_1/ 17 3
/media/data2/users/dangmanhtruong95/Kinect_1_original_augmented_padding/output/Binh/4/1_1/ 21 3
/media/data2/users/dangmanhtruong95/Kinect_1_original_augmented_padding/output/Binh/4/3_1/ 1 3
/media/data2/users/dangmanhtruong95/Kinect_1_original_augmented_padding/output/Binh/4/3_1/ 17 3
/media/data2/users/dangmanhtruong95/Kinect_1_original_augmented_padding/output/Binh/4/3_1/ 33 3
/media/data2/users/dangmanhtruong95/Kinect_1_original_augmented_padding/output/Binh/4/3_1/ 49 3
/media/data2/users/dangmanhtruong95/Kinect_1_original_augmented_padding/output/Binh/4/3_1/ 55 3
/media/data2/users/dangmanhtruong95/Kinect_1_original_augmented_padding/output/Binh/4/2_2/ 1 3
/media/data2/users/dangmanhtruong95/Kinect_1_original_augmented_padding/output/Binh/4/2_2/ 17 3
/media/data2/users/dangmanhtruong95/Kinect_1_original_augmented_padding/output/Binh/4/2_2/ 33 3
/media/data2/users/dangmanhtruong95/Kinect_1_original_augmented_padding/output/Binh/4/2_2/ 49 3
/media/data2/users/dangmanhtruong95/Kinect_1_original_augmented_padding/output/Binh/4/2_2/ 60 3
/media/data2/users/dangmanhtruong95/Kinect_1_original_augmented_padding/output/Binh/4/2_1/ 1 3
/media/data2/users/dangmanhtruong95/Kinect_1_original_augmented_padding/output/Binh/4/2_1/ 17 3
/media/data2/users/dangmanhtruong95/Kinect_1_original_augmented_padding/output/Binh/4/2_1/ 33 3
/media/data2/users/dangmanhtruong95/Kinect_1_original_augmented_padding/output/Binh/4/2_1/ 49 3
/media/data2/users/dangmanhtruong95/Kinect_1_original_augmented_padding/output/Binh/4/2_1/ 60 3
/media/data2/users/dangmanhtruong95/Kinect_1_original_augmented_padding/output/Binh/5/5_3/ 1 4
/media/data2/users/dangmanhtruong95/Kinect_1_original_augmented_padding/output/Binh/5/5_3/ 12 4
/media/data2/users/dangmanhtruong95/Kinect_1_original_augmented_padding/output/Binh/5/3_3/ 1 4
/media/data2/users/dangmanhtruong95/Kinect_1_original_augmented_padding/output/Binh/5/3_3/ 17 4
/media/data2/users/dangmanhtruong95/Kinect_1_original_augmented_padding/output/Binh/5/3_3/ 27 4
/media/data2/users/dangmanhtruong95/Kinect_1_original_augmented_padding/output/Binh/5/2_5/ 1 4
/media/data2/users/dangmanhtruong95/Kinect_1_original_augmented_padding/output/Binh/5/2_5/ 17 4
/media/data2/users/dangmanhtruong95/Kinect_1_original_augmented_padding/output/Binh/5/2_5/ 33 4
/media/data2/users/dangmanhtruong95/Kinect_1_original_augmented_padding/output/Binh/5/2_5/ 41 4
/media/data2/users/dangmanhtruong95/Kinect_1_original_augmented_padding/output/Binh/5/3_2/ 1 4
/media/data2/users/dangmanhtruong95/Kinect_1_original_augmented_padding/output/Binh/5/3_2/ 17 4
/media/data2/users/dangmanhtruong95/Kinect_1_original_augmented_padding/output/Binh/5/3_2/ 27 4
/media/data2/users/dangmanhtruong95/Kinect_1_original_augmented_padding/output/Binh/5/2_4/ 1 4
/media/data2/users/dangmanhtruong95/Kinect_1_original_augmented_padding/output/Binh/5/2_4/ 17 4
/media/data2/users/dangmanhtruong95/Kinect_1_original_augmented_padding/output/Binh/5/2_4/ 33 4
/media/data2/users/dangmanhtruong95/Kinect_1_original_augmented_padding/output/Binh/5/2_4/ 41 4
/media/data2/users/dangmanhtruong95/Kinect_1_original_augmented_padding/output/Binh/5/1_3/ 1 4
/media/data2/users/dangmanhtruong95/Kinect_1_original_augmented_padding/output/Binh/5/1_3/ 17 4
/media/data2/users/dangmanhtruong95/Kinect_1_original_augmented_padding/output/Binh/5/1_3/ 30 4
/media/data2/users/dangmanhtruong95/Kinect_1_original_augmented_padding/output/Binh/5/4_2/ 1 4
/media/data2/users/dangmanhtruong95/Kinect_1_original_augmented_padding/output/Binh/5/4_2/ 14 4
/media/data2/users/dangmanhtruong95/Kinect_1_original_augmented_padding/output/Binh/5/5_2/ 1 4
/media/data2/users/dangmanhtruong95/Kinect_1_original_augmented_padding/output/Binh/5/5_2/ 12 4
/media/data2/users/dangmanhtruong95/Kinect_1_original_augmented_padding/output/Binh/5/1_4/ 1 4
/media/data2/users/dangmanhtruong95/Kinect_1_original_augmented_padding/output/Binh/5/1_4/ 17 4
/media/data2/users/dangmanhtruong95/Kinect_1_original_augmented_padding/output/Binh/5/1_4/ 30 4
/media/data2/users/dangmanhtruong95/Kinect_1_original_augmented_padding/output/Binh/5/4_5/ 1 4
/media/data2/users/dangmanhtruong95/Kinect_1_original_augmented_padding/output/Binh/5/4_5/ 14 4
/media/data2/users/dangmanhtruong95/Kinect_1_original_augmented_padding/output/Binh/5/3_4/ 1 4
/media/data2/users/dangmanhtruong95/Kinect_1_original_augmented_padding/output/Binh/5/3_4/ 17 4
/media/data2/users/dangmanhtruong95/Kinect_1_original_augmented_padding/output/Binh/5/3_4/ 27 4
/media/data2/users/dangmanhtruong95/Kinect_1_original_augmented_padding/output/Binh/5/5_1/ 1 4
/media/data2/users/dangmanhtruong95/Kinect_1_original_augmented_padding/output/Binh/5/5_1/ 12 4
/media/data2/users/dangmanhtruong95/Kinect_1_original_augmented_padding/output/Binh/5/3_5/ 1 4
/media/data2/users/dangmanhtruong95/Kinect_1_original_augmented_padding/output/Binh/5/3_5/ 17 4
/media/data2/users/dangmanhtruong95/Kinect_1_original_augmented_padding/output/Binh/5/3_5/ 27 4
/media/data2/users/dangmanhtruong95/Kinect_1_original_augmented_padding/output/Binh/5/1_5/ 1 4
/media/data2/users/dangmanhtruong95/Kinect_1_original_augmented_padding/output/Binh/5/1_5/ 17 4
/media/data2/users/dangmanhtruong95/Kinect_1_original_augmented_padding/output/Binh/5/1_5/ 30 4
/media/data2/users/dangmanhtruong95/Kinect_1_original_augmented_padding/output/Binh/5/4_3/ 1 4
/media/data2/users/dangmanhtruong95/Kinect_1_original_augmented_padding/output/Binh/5/4_3/ 14 4
/media/data2/users/dangmanhtruong95/Kinect_1_original_augmented_padding/output/Binh/5/2_3/ 1 4
/media/data2/users/dangmanhtruong95/Kinect_1_original_augmented_padding/output/Binh/5/2_3/ 17 4
/media/data2/users/dangmanhtruong95/Kinect_1_original_augmented_padding/output/Binh/5/2_3/ 33 4
/media/data2/users/dangmanhtruong95/Kinect_1_original_augmented_padding/output/Binh/5/2_3/ 41 4
/media/data2/users/dangmanhtruong95/Kinect_1_original_augmented_padding/output/Binh/5/1_2/ 1 4
/media/data2/users/dangmanhtruong95/Kinect_1_original_augmented_padding/output/Binh/5/1_2/ 17 4
/media/data2/users/dangmanhtruong95/Kinect_1_original_augmented_padding/output/Binh/5/1_2/ 30 4
/media/data2/users/dangmanhtruong95/Kinect_1_original_augmented_padding/output/Binh/5/4_4/ 1 4
/media/data2/users/dangmanhtruong95/Kinect_1_original_augmented_padding/output/Binh/5/4_4/ 14 4
/media/data2/users/dangmanhtruong95/Kinect_1_original_augmented_padding/output/Binh/5/5_4/ 1 4
/media/data2/users/dangmanhtruong95/Kinect_1_original_augmented_padding/output/Binh/5/5_4/ 12 4
/media/data2/users/dangmanhtruong95/Kinect_1_original_augmented_padding/output/Binh/5/5_5/ 1 4
/media/data2/users/dangmanhtruong95/Kinect_1_original_augmented_padding/output/Binh/5/5_5/ 12 4
/media/data2/users/dangmanhtruong95/Kinect_1_original_augmented_padding/output/Binh/5/4_1/ 1 4
/media/data2/users/dangmanhtruong95/Kinect_1_original_augmented_padding/output/Binh/5/4_1/ 14 4
/media/data2/users/dangmanhtruong95/Kinect_1_original_augmented_padding/output/Binh/5/1_1/ 1 4
/media/data2/users/dangmanhtruong95/Kinect_1_original_augmented_padding/output/Binh/5/1_1/ 17 4
/media/data2/users/dangmanhtruong95/Kinect_1_original_augmented_padding/output/Binh/5/1_1/ 30 4
/media/data2/users/dangmanhtruong95/Kinect_1_original_augmented_padding/output/Binh/5/3_1/ 1 4
/media/data2/users/dangmanhtruong95/Kinect_1_original_augmented_padding/output/Binh/5/3_1/ 17 4
/media/data2/users/dangmanhtruong95/Kinect_1_original_augmented_padding/output/Binh/5/3_1/ 27 4
/media/data2/users/dangmanhtruong95/Kinect_1_original_augmented_padding/output/Binh/5/2_2/ 1 4
/media/data2/users/dangmanhtruong95/Kinect_1_original_augmented_padding/output/Binh/5/2_2/ 17 4
/media/data2/users/dangmanhtruong95/Kinect_1_original_augmented_padding/output/Binh/5/2_2/ 33 4
/media/data2/users/dangmanhtruong95/Kinect_1_original_augmented_padding/output/Binh/5/2_2/ 41 4
/media/data2/users/dangmanhtruong95/Kinect_1_original_augmented_padding/output/Binh/5/2_1/ 1 4
/media/data2/users/dangmanhtruong95/Kinect_1_original_augmented_padding/output/Binh/5/2_1/ 17 4
/media/data2/users/dangmanhtruong95/Kinect_1_original_augmented_padding/output/Binh/5/2_1/ 33 4
/media/data2/users/dangmanhtruong95/Kinect_1_original_augmented_padding/output/Binh/5/2_1/ 41 4
/media/data2/users/dangmanhtruong95/Kinect_1_original_augmented_padding/output/Giang/1/3_3/ 1 0
/media/data2/users/dangmanhtruong95/Kinect_1_original_augmented_padding/output/Giang/1/3_3/ 5 0
/media/data2/users/dangmanhtruong95/Kinect_1_original_augmented_padding/output/Giang/1/2_5/ 1 0
/media/data2/users/dangmanhtruong95/Kinect_1_original_augmented_padding/output/Giang/1/2_5/ 5 0
/media/data2/users/dangmanhtruong95/Kinect_1_original_augmented_padding/output/Giang/1/3_2/ 1 0
/media/data2/users/dangmanhtruong95/Kinect_1_original_augmented_padding/output/Giang/1/3_2/ 5 0
/media/data2/users/dangmanhtruong95/Kinect_1_original_augmented_padding/output/Giang/1/2_4/ 1 0
/media/data2/users/dangmanhtruong95/Kinect_1_original_augmented_padding/output/Giang/1/2_4/ 5 0
/media/data2/users/dangmanhtruong95/Kinect_1_original_augmented_padding/output/Giang/1/1_3/ 1 0
/media/data2/users/dangmanhtruong95/Kinect_1_original_augmented_padding/output/Giang/1/1_3/ 4 0
/media/data2/users/dangmanhtruong95/Kinect_1_original_augmented_padding/output/Giang/1/4_2/ 1 0
/media/data2/users/dangmanhtruong95/Kinect_1_original_augmented_padding/output/Giang/1/4_2/ 3 0
/media/data2/users/dangmanhtruong95/Kinect_1_original_augmented_padding/output/Giang/1/1_4/ 1 0
/media/data2/users/dangmanhtruong95/Kinect_1_original_augmented_padding/output/Giang/1/1_4/ 4 0
/media/data2/users/dangmanhtruong95/Kinect_1_original_augmented_padding/output/Giang/1/4_5/ 1 0
/media/data2/users/dangmanhtruong95/Kinect_1_original_augmented_padding/output/Giang/1/4_5/ 3 0
/media/data2/users/dangmanhtruong95/Kinect_1_original_augmented_padding/output/Giang/1/3_4/ 1 0
/media/data2/users/dangmanhtruong95/Kinect_1_original_augmented_padding/output/Giang/1/3_4/ 5 0
/media/data2/users/dangmanhtruong95/Kinect_1_original_augmented_padding/output/Giang/1/3_5/ 1 0
/media/data2/users/dangmanhtruong95/Kinect_1_original_augmented_padding/output/Giang/1/3_5/ 5 0
/media/data2/users/dangmanhtruong95/Kinect_1_original_augmented_padding/output/Giang/1/1_5/ 1 0
/media/data2/users/dangmanhtruong95/Kinect_1_original_augmented_padding/output/Giang/1/1_5/ 4 0
/media/data2/users/dangmanhtruong95/Kinect_1_original_augmented_padding/output/Giang/1/4_3/ 1 0
/media/data2/users/dangmanhtruong95/Kinect_1_original_augmented_padding/output/Giang/1/4_3/ 3 0
/media/data2/users/dangmanhtruong95/Kinect_1_original_augmented_padding/output/Giang/1/2_3/ 1 0
/media/data2/users/dangmanhtruong95/Kinect_1_original_augmented_padding/output/Giang/1/2_3/ 5 0
/media/data2/users/dangmanhtruong95/Kinect_1_original_augmented_padding/output/Giang/1/1_2/ 1 0
/media/data2/users/dangmanhtruong95/Kinect_1_original_augmented_padding/output/Giang/1/1_2/ 4 0
/media/data2/users/dangmanhtruong95/Kinect_1_original_augmented_padding/output/Giang/1/4_4/ 1 0
/media/data2/users/dangmanhtruong95/Kinect_1_original_augmented_padding/output/Giang/1/4_4/ 3 0
/media/data2/users/dangmanhtruong95/Kinect_1_original_augmented_padding/output/Giang/1/4_1/ 1 0
/media/data2/users/dangmanhtruong95/Kinect_1_original_augmented_padding/output/Giang/1/4_1/ 3 0
/media/data2/users/dangmanhtruong95/Kinect_1_original_augmented_padding/output/Giang/1/1_1/ 1 0
/media/data2/users/dangmanhtruong95/Kinect_1_original_augmented_padding/output/Giang/1/1_1/ 4 0
/media/data2/users/dangmanhtruong95/Kinect_1_original_augmented_padding/output/Giang/1/3_1/ 1 0
/media/data2/users/dangmanhtruong95/Kinect_1_original_augmented_padding/output/Giang/1/3_1/ 5 0
/media/data2/users/dangmanhtruong95/Kinect_1_original_augmented_padding/output/Giang/1/2_2/ 1 0
/media/data2/users/dangmanhtruong95/Kinect_1_original_augmented_padding/output/Giang/1/2_2/ 5 0
/media/data2/users/dangmanhtruong95/Kinect_1_original_augmented_padding/output/Giang/1/2_1/ 1 0
/media/data2/users/dangmanhtruong95/Kinect_1_original_augmented_padding/output/Giang/1/2_1/ 5 0
/media/data2/users/dangmanhtruong95/Kinect_1_original_augmented_padding/output/Giang/2/3_3/ 1 1
/media/data2/users/dangmanhtruong95/Kinect_1_original_augmented_padding/output/Giang/2/3_3/ 11 1
/media/data2/users/dangmanhtruong95/Kinect_1_original_augmented_padding/output/Giang/2/2_5/ 1 1
/media/data2/users/dangmanhtruong95/Kinect_1_original_augmented_padding/output/Giang/2/2_5/ 8 1
/media/data2/users/dangmanhtruong95/Kinect_1_original_augmented_padding/output/Giang/2/3_2/ 1 1
/media/data2/users/dangmanhtruong95/Kinect_1_original_augmented_padding/output/Giang/2/3_2/ 11 1
/media/data2/users/dangmanhtruong95/Kinect_1_original_augmented_padding/output/Giang/2/2_4/ 1 1
/media/data2/users/dangmanhtruong95/Kinect_1_original_augmented_padding/output/Giang/2/2_4/ 8 1
/media/data2/users/dangmanhtruong95/Kinect_1_original_augmented_padding/output/Giang/2/1_3/ 1 1
/media/data2/users/dangmanhtruong95/Kinect_1_original_augmented_padding/output/Giang/2/1_3/ 13 1
/media/data2/users/dangmanhtruong95/Kinect_1_original_augmented_padding/output/Giang/2/4_2/ 1 1
/media/data2/users/dangmanhtruong95/Kinect_1_original_augmented_padding/output/Giang/2/4_2/ 7 1
/media/data2/users/dangmanhtruong95/Kinect_1_original_augmented_padding/output/Giang/2/1_4/ 1 1
/media/data2/users/dangmanhtruong95/Kinect_1_original_augmented_padding/output/Giang/2/1_4/ 13 1
/media/data2/users/dangmanhtruong95/Kinect_1_original_augmented_padding/output/Giang/2/4_5/ 1 1
/media/data2/users/dangmanhtruong95/Kinect_1_original_augmented_padding/output/Giang/2/4_5/ 7 1
/media/data2/users/dangmanhtruong95/Kinect_1_original_augmented_padding/output/Giang/2/3_4/ 1 1
/media/data2/users/dangmanhtruong95/Kinect_1_original_augmented_padding/output/Giang/2/3_4/ 11 1
/media/data2/users/dangmanhtruong95/Kinect_1_original_augmented_padding/output/Giang/2/3_5/ 1 1
/media/data2/users/dangmanhtruong95/Kinect_1_original_augmented_padding/output/Giang/2/3_5/ 11 1
/media/data2/users/dangmanhtruong95/Kinect_1_original_augmented_padding/output/Giang/2/1_5/ 1 1
/media/data2/users/dangmanhtruong95/Kinect_1_original_augmented_padding/output/Giang/2/1_5/ 13 1
/media/data2/users/dangmanhtruong95/Kinect_1_original_augmented_padding/output/Giang/2/4_3/ 1 1
/media/data2/users/dangmanhtruong95/Kinect_1_original_augmented_padding/output/Giang/2/4_3/ 7 1
/media/data2/users/dangmanhtruong95/Kinect_1_original_augmented_padding/output/Giang/2/2_3/ 1 1
/media/data2/users/dangmanhtruong95/Kinect_1_original_augmented_padding/output/Giang/2/2_3/ 8 1
/media/data2/users/dangmanhtruong95/Kinect_1_original_augmented_padding/output/Giang/2/1_2/ 1 1
/media/data2/users/dangmanhtruong95/Kinect_1_original_augmented_padding/output/Giang/2/1_2/ 13 1
/media/data2/users/dangmanhtruong95/Kinect_1_original_augmented_padding/output/Giang/2/4_4/ 1 1
/media/data2/users/dangmanhtruong95/Kinect_1_original_augmented_padding/output/Giang/2/4_4/ 7 1
/media/data2/users/dangmanhtruong95/Kinect_1_original_augmented_padding/output/Giang/2/4_1/ 1 1
/media/data2/users/dangmanhtruong95/Kinect_1_original_augmented_padding/output/Giang/2/4_1/ 7 1
/media/data2/users/dangmanhtruong95/Kinect_1_original_augmented_padding/output/Giang/2/1_1/ 1 1
/media/data2/users/dangmanhtruong95/Kinect_1_original_augmented_padding/output/Giang/2/1_1/ 13 1
/media/data2/users/dangmanhtruong95/Kinect_1_original_augmented_padding/output/Giang/2/3_1/ 1 1
/media/data2/users/dangmanhtruong95/Kinect_1_original_augmented_padding/output/Giang/2/3_1/ 11 1
/media/data2/users/dangmanhtruong95/Kinect_1_original_augmented_padding/output/Giang/2/2_2/ 1 1
/media/data2/users/dangmanhtruong95/Kinect_1_original_augmented_padding/output/Giang/2/2_2/ 8 1
/media/data2/users/dangmanhtruong95/Kinect_1_original_augmented_padding/output/Giang/2/2_1/ 1 1
/media/data2/users/dangmanhtruong95/Kinect_1_original_augmented_padding/output/Giang/2/2_1/ 8 1
/media/data2/users/dangmanhtruong95/Kinect_1_original_augmented_padding/output/Giang/3/5_3/ 1 2
/media/data2/users/dangmanhtruong95/Kinect_1_original_augmented_padding/output/Giang/3/5_3/ 7 2
/media/data2/users/dangmanhtruong95/Kinect_1_original_augmented_padding/output/Giang/3/3_3/ 1 2
/media/data2/users/dangmanhtruong95/Kinect_1_original_augmented_padding/output/Giang/3/3_3/ 10 2
/media/data2/users/dangmanhtruong95/Kinect_1_original_augmented_padding/output/Giang/3/2_5/ 1 2
/media/data2/users/dangmanhtruong95/Kinect_1_original_augmented_padding/output/Giang/3/2_5/ 6 2
/media/data2/users/dangmanhtruong95/Kinect_1_original_augmented_padding/output/Giang/3/3_2/ 1 2
/media/data2/users/dangmanhtruong95/Kinect_1_original_augmented_padding/output/Giang/3/3_2/ 10 2
/media/data2/users/dangmanhtruong95/Kinect_1_original_augmented_padding/output/Giang/3/2_4/ 1 2
/media/data2/users/dangmanhtruong95/Kinect_1_original_augmented_padding/output/Giang/3/2_4/ 6 2
/media/data2/users/dangmanhtruong95/Kinect_1_original_augmented_padding/output/Giang/3/1_3/ 1 2
/media/data2/users/dangmanhtruong95/Kinect_1_original_augmented_padding/output/Giang/3/1_3/ 13 2
/media/data2/users/dangmanhtruong95/Kinect_1_original_augmented_padding/output/Giang/3/4_2/ 1 2
/media/data2/users/dangmanhtruong95/Kinect_1_original_augmented_padding/output/Giang/3/4_2/ 9 2
/media/data2/users/dangmanhtruong95/Kinect_1_original_augmented_padding/output/Giang/3/5_2/ 1 2
/media/data2/users/dangmanhtruong95/Kinect_1_original_augmented_padding/output/Giang/3/5_2/ 7 2
/media/data2/users/dangmanhtruong95/Kinect_1_original_augmented_padding/output/Giang/3/1_4/ 1 2
/media/data2/users/dangmanhtruong95/Kinect_1_original_augmented_padding/output/Giang/3/1_4/ 13 2
/media/data2/users/dangmanhtruong95/Kinect_1_original_augmented_padding/output/Giang/3/4_5/ 1 2
/media/data2/users/dangmanhtruong95/Kinect_1_original_augmented_padding/output/Giang/3/4_5/ 9 2
/media/data2/users/dangmanhtruong95/Kinect_1_original_augmented_padding/output/Giang/3/3_4/ 1 2
/media/data2/users/dangmanhtruong95/Kinect_1_original_augmented_padding/output/Giang/3/3_4/ 10 2
/media/data2/users/dangmanhtruong95/Kinect_1_original_augmented_padding/output/Giang/3/5_1/ 1 2
/media/data2/users/dangmanhtruong95/Kinect_1_original_augmented_padding/output/Giang/3/5_1/ 7 2
/media/data2/users/dangmanhtruong95/Kinect_1_original_augmented_padding/output/Giang/3/3_5/ 1 2
/media/data2/users/dangmanhtruong95/Kinect_1_original_augmented_padding/output/Giang/3/3_5/ 10 2
/media/data2/users/dangmanhtruong95/Kinect_1_original_augmented_padding/output/Giang/3/1_5/ 1 2
/media/data2/users/dangmanhtruong95/Kinect_1_original_augmented_padding/output/Giang/3/1_5/ 13 2
/media/data2/users/dangmanhtruong95/Kinect_1_original_augmented_padding/output/Giang/3/4_3/ 1 2
/media/data2/users/dangmanhtruong95/Kinect_1_original_augmented_padding/output/Giang/3/4_3/ 9 2
/media/data2/users/dangmanhtruong95/Kinect_1_original_augmented_padding/output/Giang/3/2_3/ 1 2
/media/data2/users/dangmanhtruong95/Kinect_1_original_augmented_padding/output/Giang/3/2_3/ 6 2
/media/data2/users/dangmanhtruong95/Kinect_1_original_augmented_padding/output/Giang/3/1_2/ 1 2
/media/data2/users/dangmanhtruong95/Kinect_1_original_augmented_padding/output/Giang/3/1_2/ 13 2
/media/data2/users/dangmanhtruong95/Kinect_1_original_augmented_padding/output/Giang/3/4_4/ 1 2
/media/data2/users/dangmanhtruong95/Kinect_1_original_augmented_padding/output/Giang/3/4_4/ 9 2
/media/data2/users/dangmanhtruong95/Kinect_1_original_augmented_padding/output/Giang/3/5_4/ 1 2
/media/data2/users/dangmanhtruong95/Kinect_1_original_augmented_padding/output/Giang/3/5_4/ 7 2
/media/data2/users/dangmanhtruong95/Kinect_1_original_augmented_padding/output/Giang/3/5_5/ 1 2
/media/data2/users/dangmanhtruong95/Kinect_1_original_augmented_padding/output/Giang/3/5_5/ 7 2
/media/data2/users/dangmanhtruong95/Kinect_1_original_augmented_padding/output/Giang/3/4_1/ 1 2
/media/data2/users/dangmanhtruong95/Kinect_1_original_augmented_padding/output/Giang/3/4_1/ 9 2
/media/data2/users/dangmanhtruong95/Kinect_1_original_augmented_padding/output/Giang/3/1_1/ 1 2
/media/data2/users/dangmanhtruong95/Kinect_1_original_augmented_padding/output/Giang/3/1_1/ 13 2
/media/data2/users/dangmanhtruong95/Kinect_1_original_augmented_padding/output/Giang/3/3_1/ 1 2
/media/data2/users/dangmanhtruong95/Kinect_1_original_augmented_padding/output/Giang/3/3_1/ 10 2
/media/data2/users/dangmanhtruong95/Kinect_1_original_augmented_padding/output/Giang/3/2_2/ 1 2
/media/data2/users/dangmanhtruong95/Kinect_1_original_augmented_padding/output/Giang/3/2_2/ 6 2
/media/data2/users/dangmanhtruong95/Kinect_1_original_augmented_padding/output/Giang/3/2_1/ 1 2
/media/data2/users/dangmanhtruong95/Kinect_1_original_augmented_padding/output/Giang/3/2_1/ 6 2
/media/data2/users/dangmanhtruong95/Kinect_1_original_augmented_padding/output/Giang/4/3_3/ 1 3
/media/data2/users/dangmanhtruong95/Kinect_1_original_augmented_padding/output/Giang/4/3_3/ 7 3
/media/data2/users/dangmanhtruong95/Kinect_1_original_augmented_padding/output/Giang/4/2_5/ 1 3
/media/data2/users/dangmanhtruong95/Kinect_1_original_augmented_padding/output/Giang/4/2_5/ 9 3
/media/data2/users/dangmanhtruong95/Kinect_1_original_augmented_padding/output/Giang/4/3_2/ 1 3
/media/data2/users/dangmanhtruong95/Kinect_1_original_augmented_padding/output/Giang/4/3_2/ 7 3
/media/data2/users/dangmanhtruong95/Kinect_1_original_augmented_padding/output/Giang/4/2_4/ 1 3
/media/data2/users/dangmanhtruong95/Kinect_1_original_augmented_padding/output/Giang/4/2_4/ 9 3
/media/data2/users/dangmanhtruong95/Kinect_1_original_augmented_padding/output/Giang/4/1_3/ 1 3
/media/data2/users/dangmanhtruong95/Kinect_1_original_augmented_padding/output/Giang/4/1_3/ 12 3
/media/data2/users/dangmanhtruong95/Kinect_1_original_augmented_padding/output/Giang/4/4_2/ 1 3
/media/data2/users/dangmanhtruong95/Kinect_1_original_augmented_padding/output/Giang/4/4_2/ 11 3
/media/data2/users/dangmanhtruong95/Kinect_1_original_augmented_padding/output/Giang/4/1_4/ 1 3
/media/data2/users/dangmanhtruong95/Kinect_1_original_augmented_padding/output/Giang/4/1_4/ 12 3
/media/data2/users/dangmanhtruong95/Kinect_1_original_augmented_padding/output/Giang/4/4_5/ 1 3
/media/data2/users/dangmanhtruong95/Kinect_1_original_augmented_padding/output/Giang/4/4_5/ 11 3
/media/data2/users/dangmanhtruong95/Kinect_1_original_augmented_padding/output/Giang/4/3_4/ 1 3
/media/data2/users/dangmanhtruong95/Kinect_1_original_augmented_padding/output/Giang/4/3_4/ 7 3
/media/data2/users/dangmanhtruong95/Kinect_1_original_augmented_padding/output/Giang/4/3_5/ 1 3
/media/data2/users/dangmanhtruong95/Kinect_1_original_augmented_padding/output/Giang/4/3_5/ 7 3
/media/data2/users/dangmanhtruong95/Kinect_1_original_augmented_padding/output/Giang/4/1_5/ 1 3
/media/data2/users/dangmanhtruong95/Kinect_1_original_augmented_padding/output/Giang/4/1_5/ 12 3
/media/data2/users/dangmanhtruong95/Kinect_1_original_augmented_padding/output/Giang/4/4_3/ 1 3
/media/data2/users/dangmanhtruong95/Kinect_1_original_augmented_padding/output/Giang/4/4_3/ 11 3
/media/data2/users/dangmanhtruong95/Kinect_1_original_augmented_padding/output/Giang/4/2_3/ 1 3
/media/data2/users/dangmanhtruong95/Kinect_1_original_augmented_padding/output/Giang/4/2_3/ 9 3
/media/data2/users/dangmanhtruong95/Kinect_1_original_augmented_padding/output/Giang/4/1_2/ 1 3
/media/data2/users/dangmanhtruong95/Kinect_1_original_augmented_padding/output/Giang/4/1_2/ 12 3
/media/data2/users/dangmanhtruong95/Kinect_1_original_augmented_padding/output/Giang/4/4_4/ 1 3
/media/data2/users/dangmanhtruong95/Kinect_1_original_augmented_padding/output/Giang/4/4_4/ 11 3
/media/data2/users/dangmanhtruong95/Kinect_1_original_augmented_padding/output/Giang/4/4_1/ 1 3
/media/data2/users/dangmanhtruong95/Kinect_1_original_augmented_padding/output/Giang/4/4_1/ 11 3
/media/data2/users/dangmanhtruong95/Kinect_1_original_augmented_padding/output/Giang/4/1_1/ 1 3
/media/data2/users/dangmanhtruong95/Kinect_1_original_augmented_padding/output/Giang/4/1_1/ 12 3
/media/data2/users/dangmanhtruong95/Kinect_1_original_augmented_padding/output/Giang/4/3_1/ 1 3
/media/data2/users/dangmanhtruong95/Kinect_1_original_augmented_padding/output/Giang/4/3_1/ 7 3
/media/data2/users/dangmanhtruong95/Kinect_1_original_augmented_padding/output/Giang/4/2_2/ 1 3
/media/data2/users/dangmanhtruong95/Kinect_1_original_augmented_padding/output/Giang/4/2_2/ 9 3
/media/data2/users/dangmanhtruong95/Kinect_1_original_augmented_padding/output/Giang/4/2_1/ 1 3
/media/data2/users/dangmanhtruong95/Kinect_1_original_augmented_padding/output/Giang/4/2_1/ 9 3
/media/data2/users/dangmanhtruong95/Kinect_1_original_augmented_padding/output/Giang/5/3_3/ 1 4
/media/data2/users/dangmanhtruong95/Kinect_1_original_augmented_padding/output/Giang/5/3_3/ 12 4
/media/data2/users/dangmanhtruong95/Kinect_1_original_augmented_padding/output/Giang/5/2_5/ 1 4
/media/data2/users/dangmanhtruong95/Kinect_1_original_augmented_padding/output/Giang/5/2_5/ 11 4
/media/data2/users/dangmanhtruong95/Kinect_1_original_augmented_padding/output/Giang/5/3_2/ 1 4
/media/data2/users/dangmanhtruong95/Kinect_1_original_augmented_padding/output/Giang/5/3_2/ 12 4
/media/data2/users/dangmanhtruong95/Kinect_1_original_augmented_padding/output/Giang/5/2_4/ 1 4
/media/data2/users/dangmanhtruong95/Kinect_1_original_augmented_padding/output/Giang/5/2_4/ 11 4
/media/data2/users/dangmanhtruong95/Kinect_1_original_augmented_padding/output/Giang/5/1_3/ 1 4
/media/data2/users/dangmanhtruong95/Kinect_1_original_augmented_padding/output/Giang/5/1_3/ 10 4
/media/data2/users/dangmanhtruong95/Kinect_1_original_augmented_padding/output/Giang/5/4_2/ 1 4
/media/data2/users/dangmanhtruong95/Kinect_1_original_augmented_padding/output/Giang/5/4_2/ 15 4
/media/data2/users/dangmanhtruong95/Kinect_1_original_augmented_padding/output/Giang/5/1_4/ 1 4
/media/data2/users/dangmanhtruong95/Kinect_1_original_augmented_padding/output/Giang/5/1_4/ 10 4
/media/data2/users/dangmanhtruong95/Kinect_1_original_augmented_padding/output/Giang/5/4_5/ 1 4
/media/data2/users/dangmanhtruong95/Kinect_1_original_augmented_padding/output/Giang/5/4_5/ 15 4
/media/data2/users/dangmanhtruong95/Kinect_1_original_augmented_padding/output/Giang/5/3_4/ 1 4
/media/data2/users/dangmanhtruong95/Kinect_1_original_augmented_padding/output/Giang/5/3_4/ 12 4
/media/data2/users/dangmanhtruong95/Kinect_1_original_augmented_padding/output/Giang/5/3_5/ 1 4
/media/data2/users/dangmanhtruong95/Kinect_1_original_augmented_padding/output/Giang/5/3_5/ 12 4
/media/data2/users/dangmanhtruong95/Kinect_1_original_augmented_padding/output/Giang/5/1_5/ 1 4
/media/data2/users/dangmanhtruong95/Kinect_1_original_augmented_padding/output/Giang/5/1_5/ 10 4
/media/data2/users/dangmanhtruong95/Kinect_1_original_augmented_padding/output/Giang/5/4_3/ 1 4
/media/data2/users/dangmanhtruong95/Kinect_1_original_augmented_padding/output/Giang/5/4_3/ 15 4
/media/data2/users/dangmanhtruong95/Kinect_1_original_augmented_padding/output/Giang/5/2_3/ 1 4
/media/data2/users/dangmanhtruong95/Kinect_1_original_augmented_padding/output/Giang/5/2_3/ 11 4
/media/data2/users/dangmanhtruong95/Kinect_1_original_augmented_padding/output/Giang/5/1_2/ 1 4
/media/data2/users/dangmanhtruong95/Kinect_1_original_augmented_padding/output/Giang/5/1_2/ 10 4
/media/data2/users/dangmanhtruong95/Kinect_1_original_augmented_padding/output/Giang/5/4_4/ 1 4
/media/data2/users/dangmanhtruong95/Kinect_1_original_augmented_padding/output/Giang/5/4_4/ 15 4
/media/data2/users/dangmanhtruong95/Kinect_1_original_augmented_padding/output/Giang/5/4_1/ 1 4
/media/data2/users/dangmanhtruong95/Kinect_1_original_augmented_padding/output/Giang/5/4_1/ 15 4
/media/data2/users/dangmanhtruong95/Kinect_1_original_augmented_padding/output/Giang/5/1_1/ 1 4
/media/data2/users/dangmanhtruong95/Kinect_1_original_augmented_padding/output/Giang/5/1_1/ 10 4
/media/data2/users/dangmanhtruong95/Kinect_1_original_augmented_padding/output/Giang/5/3_1/ 1 4
/media/data2/users/dangmanhtruong95/Kinect_1_original_augmented_padding/output/Giang/5/3_1/ 12 4
/media/data2/users/dangmanhtruong95/Kinect_1_original_augmented_padding/output/Giang/5/2_2/ 1 4
/media/data2/users/dangmanhtruong95/Kinect_1_original_augmented_padding/output/Giang/5/2_2/ 11 4
/media/data2/users/dangmanhtruong95/Kinect_1_original_augmented_padding/output/Giang/5/2_1/ 1 4
/media/data2/users/dangmanhtruong95/Kinect_1_original_augmented_padding/output/Giang/5/2_1/ 11 4
